dic 20, 2022 1:40:26 P. M. presentacion.MainTesting escribirLog
INFORMACIÓN: @BeforeClass
dic 20, 2022 1:40:26 P. M. presentacion.MainTesting escribirLog
INFORMACIÓN: @Before -> How many times do i appear?
dic 20, 2022 1:40:26 P. M. presentacion.MainTesting escribirLog
INFORMACIÓN: @After -> How many times do i appear?
dic 20, 2022 1:40:26 P. M. presentacion.MainTesting escribirLog
INFORMACIÓN: @Before -> How many times do i appear?
dic 20, 2022 1:40:26 P. M. presentacion.MainTesting escribirLog
INFORMACIÓN: @After -> How many times do i appear?
dic 20, 2022 1:40:26 P. M. presentacion.MainTesting escribirLog
INFORMACIÓN: @Before -> How many times do i appear?
dic 20, 2022 1:40:26 P. M. presentacion.MainTesting escribirLog
INFORMACIÓN: @After -> How many times do i appear?
dic 20, 2022 1:40:26 P. M. presentacion.MainTesting escribirLog
INFORMACIÓN: @AfterClass
dic 20, 2022 1:41:15 P. M. presentacion.MainTesting escribirLog
INFORMACIÓN: @BeforeClass
dic 20, 2022 1:41:15 P. M. presentacion.MainTesting escribirLog
INFORMACIÓN: @Before -> How many times do i appear?
dic 20, 2022 1:41:15 P. M. presentacion.MainTesting escribirLog
INFORMACIÓN: @After -> How many times do i appear?
dic 20, 2022 1:41:15 P. M. presentacion.MainTesting escribirLog
INFORMACIÓN: @Before -> How many times do i appear?
dic 20, 2022 1:41:15 P. M. presentacion.MainTesting escribirLog
INFORMACIÓN: @After -> How many times do i appear?
dic 20, 2022 1:41:15 P. M. presentacion.MainTesting escribirLog
INFORMACIÓN: @Before -> How many times do i appear?
dic 20, 2022 1:41:15 P. M. presentacion.MainTesting escribirLog
INFORMACIÓN: @After -> How many times do i appear?
dic 20, 2022 1:41:15 P. M. presentacion.MainTesting escribirLog
INFORMACIÓN: @AfterClass
dic 20, 2022 1:42:52 P. M. presentacion.MainTesting escribirLog
INFORMACIÓN: @BeforeClass
dic 20, 2022 1:42:52 P. M. presentacion.MainTesting escribirLog
INFORMACIÓN: @Before -> How many times do i appear?
dic 20, 2022 1:42:52 P. M. presentacion.MainTesting escribirLog
INFORMACIÓN: @After -> How many times do i appear?
dic 20, 2022 1:42:52 P. M. presentacion.MainTesting escribirLog
INFORMACIÓN: @Before -> How many times do i appear?
dic 20, 2022 1:42:52 P. M. presentacion.MainTesting escribirLog
INFORMACIÓN: @After -> How many times do i appear?
dic 20, 2022 1:42:52 P. M. presentacion.MainTesting escribirLog
INFORMACIÓN: @Before -> How many times do i appear?
dic 20, 2022 1:42:52 P. M. presentacion.MainTesting escribirLog
INFORMACIÓN: @After -> How many times do i appear?
dic 20, 2022 1:42:52 P. M. presentacion.MainTesting escribirLog
INFORMACIÓN: @AfterClass
dic 20, 2022 1:43:17 P. M. presentacion.MainTesting escribirLog
INFORMACIÓN: @BeforeClass
dic 20, 2022 1:43:17 P. M. presentacion.MainTesting escribirLog
INFORMACIÓN: @Before -> How many times do i appear?
dic 20, 2022 1:43:17 P. M. presentacion.MainTesting escribirLog
INFORMACIÓN: @After -> How many times do i appear?
dic 20, 2022 1:43:17 P. M. presentacion.MainTesting escribirLog
INFORMACIÓN: @Before -> How many times do i appear?
dic 20, 2022 1:43:17 P. M. presentacion.MainTesting escribirLog
INFORMACIÓN: @After -> How many times do i appear?
dic 20, 2022 1:43:17 P. M. presentacion.MainTesting escribirLog
INFORMACIÓN: @Before -> How many times do i appear?
dic 20, 2022 1:43:17 P. M. presentacion.MainTesting escribirLog
INFORMACIÓN: @After -> How many times do i appear?
dic 20, 2022 1:43:17 P. M. presentacion.MainTesting escribirLog
INFORMACIÓN: @AfterClass
dic 20, 2022 1:44:10 P. M. presentacion.MainTesting escribirLog
INFORMACIÓN: @BeforeClass
dic 20, 2022 1:44:10 P. M. presentacion.MainTesting escribirLog
INFORMACIÓN: @Before -> How many times do i appear?
dic 20, 2022 1:44:10 P. M. presentacion.MainTesting escribirLog
INFORMACIÓN: @After -> How many times do i appear?
dic 20, 2022 1:44:10 P. M. presentacion.MainTesting escribirLog
INFORMACIÓN: @Before -> How many times do i appear?
dic 20, 2022 1:44:10 P. M. presentacion.MainTesting escribirLog
INFORMACIÓN: @After -> How many times do i appear?
dic 20, 2022 1:44:10 P. M. presentacion.MainTesting escribirLog
INFORMACIÓN: @Before -> How many times do i appear?
dic 20, 2022 1:44:10 P. M. presentacion.MainTesting escribirLog
INFORMACIÓN: @After -> How many times do i appear?
dic 20, 2022 1:44:10 P. M. presentacion.MainTesting escribirLog
INFORMACIÓN: @AfterClass
dic 20, 2022 1:49:19 P. M. presentacion.MainTesting escribirLog
INFORMACIÓN: @BeforeClass
dic 20, 2022 1:49:19 P. M. presentacion.MainTesting escribirLog
INFORMACIÓN: @Before -> How many times do i appear?
dic 20, 2022 1:49:19 P. M. presentacion.MainTesting escribirLog
INFORMACIÓN: @After -> How many times do i appear?
dic 20, 2022 1:49:19 P. M. presentacion.MainTesting escribirLog
INFORMACIÓN: @Before -> How many times do i appear?
dic 20, 2022 1:49:19 P. M. presentacion.MainTesting escribirLog
INFORMACIÓN: @After -> How many times do i appear?
dic 20, 2022 1:49:19 P. M. presentacion.MainTesting escribirLog
INFORMACIÓN: @Before -> How many times do i appear?
dic 20, 2022 1:49:19 P. M. presentacion.MainTesting escribirLog
INFORMACIÓN: @After -> How many times do i appear?
dic 20, 2022 1:49:19 P. M. presentacion.MainTesting escribirLog
INFORMACIÓN: @AfterClass
dic 20, 2022 1:49:34 P. M. presentacion.MainTesting escribirLog
INFORMACIÓN: @BeforeClass
dic 20, 2022 1:49:34 P. M. presentacion.MainTesting escribirLog
INFORMACIÓN: @Before -> How many times do i appear?
dic 20, 2022 1:49:34 P. M. presentacion.MainTesting escribirLog
INFORMACIÓN: @After -> How many times do i appear?
dic 20, 2022 1:49:34 P. M. presentacion.MainTesting escribirLog
INFORMACIÓN: @Before -> How many times do i appear?
dic 20, 2022 1:49:34 P. M. presentacion.MainTesting escribirLog
INFORMACIÓN: @After -> How many times do i appear?
dic 20, 2022 1:49:34 P. M. presentacion.MainTesting escribirLog
INFORMACIÓN: @Before -> How many times do i appear?
dic 20, 2022 1:49:34 P. M. presentacion.MainTesting escribirLog
INFORMACIÓN: @After -> How many times do i appear?
dic 20, 2022 1:49:34 P. M. presentacion.MainTesting escribirLog
INFORMACIÓN: @AfterClass
dic 20, 2022 1:51:03 P. M. presentacion.MainTesting escribirLog
INFORMACIÓN: @BeforeClass
dic 20, 2022 1:51:03 P. M. presentacion.MainTesting escribirLog
INFORMACIÓN: @Before -> How many times do i appear?
dic 20, 2022 1:51:03 P. M. presentacion.MainTesting escribirLog
INFORMACIÓN: @After -> How many times do i appear?
dic 20, 2022 1:51:03 P. M. presentacion.MainTesting escribirLog
INFORMACIÓN: @Before -> How many times do i appear?
dic 20, 2022 1:51:03 P. M. presentacion.MainTesting escribirLog
INFORMACIÓN: @After -> How many times do i appear?
dic 20, 2022 1:51:03 P. M. presentacion.MainTesting escribirLog
INFORMACIÓN: @Before -> How many times do i appear?
dic 20, 2022 1:51:03 P. M. presentacion.MainTesting escribirLog
INFORMACIÓN: @After -> How many times do i appear?
dic 20, 2022 1:51:03 P. M. presentacion.MainTesting escribirLog
INFORMACIÓN: @AfterClass
dic 20, 2022 1:51:17 P. M. presentacion.MainTesting escribirLog
INFORMACIÓN: @BeforeClass
dic 20, 2022 1:51:17 P. M. presentacion.MainTesting escribirLog
INFORMACIÓN: @Before -> How many times do i appear?
dic 20, 2022 1:51:17 P. M. presentacion.MainTesting escribirLog
INFORMACIÓN: @After -> How many times do i appear?
dic 20, 2022 1:51:17 P. M. presentacion.MainTesting escribirLog
INFORMACIÓN: @Before -> How many times do i appear?
dic 20, 2022 1:51:17 P. M. presentacion.MainTesting escribirLog
INFORMACIÓN: @After -> How many times do i appear?
dic 20, 2022 1:51:17 P. M. presentacion.MainTesting escribirLog
INFORMACIÓN: @Before -> How many times do i appear?
dic 20, 2022 1:51:17 P. M. presentacion.MainTesting escribirLog
INFORMACIÓN: @After -> How many times do i appear?
dic 20, 2022 1:51:17 P. M. presentacion.MainTesting escribirLog
INFORMACIÓN: @AfterClass
dic 20, 2022 1:51:49 P. M. presentacion.MainTesting escribirLog
INFORMACIÓN: @BeforeClass
dic 20, 2022 1:51:49 P. M. presentacion.MainTesting escribirLog
INFORMACIÓN: @Before -> How many times do i appear?
dic 20, 2022 1:51:49 P. M. presentacion.MainTesting escribirLog
INFORMACIÓN: @After -> How many times do i appear?
dic 20, 2022 1:51:49 P. M. presentacion.MainTesting escribirLog
INFORMACIÓN: @Before -> How many times do i appear?
dic 20, 2022 1:51:49 P. M. presentacion.MainTesting escribirLog
INFORMACIÓN: @After -> How many times do i appear?
dic 20, 2022 1:51:49 P. M. presentacion.MainTesting escribirLog
INFORMACIÓN: @Before -> How many times do i appear?
dic 20, 2022 1:51:49 P. M. presentacion.MainTesting escribirLog
INFORMACIÓN: @After -> How many times do i appear?
dic 20, 2022 1:51:49 P. M. presentacion.MainTesting escribirLog
INFORMACIÓN: @AfterClass
dic 20, 2022 1:51:57 P. M. presentacion.MainTesting escribirLog
INFORMACIÓN: @BeforeClass
dic 20, 2022 1:51:57 P. M. presentacion.MainTesting escribirLog
INFORMACIÓN: @Before -> How many times do i appear?
dic 20, 2022 1:51:57 P. M. presentacion.MainTesting escribirLog
INFORMACIÓN: @After -> How many times do i appear?
dic 20, 2022 1:51:57 P. M. presentacion.MainTesting escribirLog
INFORMACIÓN: @Before -> How many times do i appear?
dic 20, 2022 1:51:57 P. M. presentacion.MainTesting escribirLog
INFORMACIÓN: @After -> How many times do i appear?
dic 20, 2022 1:51:57 P. M. presentacion.MainTesting escribirLog
INFORMACIÓN: @Before -> How many times do i appear?
dic 20, 2022 1:51:57 P. M. presentacion.MainTesting escribirLog
INFORMACIÓN: @After -> How many times do i appear?
dic 20, 2022 1:51:57 P. M. presentacion.MainTesting escribirLog
INFORMACIÓN: @AfterClass
dic 20, 2022 1:52:22 P. M. presentacion.MainTesting escribirLog
INFORMACIÓN: @BeforeClass
dic 20, 2022 1:52:22 P. M. presentacion.MainTesting escribirLog
INFORMACIÓN: @Before -> How many times do i appear?
dic 20, 2022 1:52:22 P. M. presentacion.MainTesting escribirLog
INFORMACIÓN: @After -> How many times do i appear?
dic 20, 2022 1:52:22 P. M. presentacion.MainTesting escribirLog
INFORMACIÓN: @Before -> How many times do i appear?
dic 20, 2022 1:52:22 P. M. presentacion.MainTesting escribirLog
INFORMACIÓN: @After -> How many times do i appear?
dic 20, 2022 1:52:22 P. M. presentacion.MainTesting escribirLog
INFORMACIÓN: @Before -> How many times do i appear?
dic 20, 2022 1:52:22 P. M. presentacion.MainTesting escribirLog
INFORMACIÓN: @After -> How many times do i appear?
dic 20, 2022 1:52:22 P. M. presentacion.MainTesting escribirLog
INFORMACIÓN: @AfterClass
dic 20, 2022 1:52:28 P. M. presentacion.MainTesting escribirLog
INFORMACIÓN: @BeforeClass
dic 20, 2022 1:52:28 P. M. presentacion.MainTesting escribirLog
INFORMACIÓN: @Before -> How many times do i appear?
dic 20, 2022 1:52:28 P. M. presentacion.MainTesting escribirLog
INFORMACIÓN: @After -> How many times do i appear?
dic 20, 2022 1:52:28 P. M. presentacion.MainTesting escribirLog
INFORMACIÓN: @Before -> How many times do i appear?
dic 20, 2022 1:52:28 P. M. presentacion.MainTesting escribirLog
INFORMACIÓN: @After -> How many times do i appear?
dic 20, 2022 1:52:28 P. M. presentacion.MainTesting escribirLog
INFORMACIÓN: @Before -> How many times do i appear?
dic 20, 2022 1:52:28 P. M. presentacion.MainTesting escribirLog
INFORMACIÓN: @After -> How many times do i appear?
dic 20, 2022 1:52:28 P. M. presentacion.MainTesting escribirLog
INFORMACIÓN: @AfterClass
dic 20, 2022 1:53:00 P. M. presentacion.MainTesting escribirLog
INFORMACIÓN: @BeforeClass
dic 20, 2022 1:53:00 P. M. presentacion.MainTesting escribirLog
INFORMACIÓN: @Before -> How many times do i appear?
dic 20, 2022 1:53:00 P. M. presentacion.MainTesting escribirLog
INFORMACIÓN: @After -> How many times do i appear?
dic 20, 2022 1:53:00 P. M. presentacion.MainTesting escribirLog
INFORMACIÓN: @Before -> How many times do i appear?
dic 20, 2022 1:53:00 P. M. presentacion.MainTesting escribirLog
INFORMACIÓN: @After -> How many times do i appear?
dic 20, 2022 1:53:00 P. M. presentacion.MainTesting escribirLog
INFORMACIÓN: @Before -> How many times do i appear?
dic 20, 2022 1:53:00 P. M. presentacion.MainTesting escribirLog
INFORMACIÓN: @After -> How many times do i appear?
dic 20, 2022 1:53:00 P. M. presentacion.MainTesting escribirLog
INFORMACIÓN: @AfterClass
dic 20, 2022 1:54:15 P. M. presentacion.MainTesting escribirLog
INFORMACIÓN: @BeforeClass
dic 20, 2022 1:54:15 P. M. presentacion.MainTesting escribirLog
INFORMACIÓN: @Before -> How many times do i appear?
dic 20, 2022 1:54:15 P. M. presentacion.MainTesting escribirLog
INFORMACIÓN: @After -> How many times do i appear?
dic 20, 2022 1:54:15 P. M. presentacion.MainTesting escribirLog
INFORMACIÓN: @Before -> How many times do i appear?
dic 20, 2022 1:54:15 P. M. presentacion.MainTesting escribirLog
INFORMACIÓN: @After -> How many times do i appear?
dic 20, 2022 1:54:15 P. M. presentacion.MainTesting escribirLog
INFORMACIÓN: @Before -> How many times do i appear?
dic 20, 2022 1:54:15 P. M. presentacion.MainTesting escribirLog
INFORMACIÓN: @After -> How many times do i appear?
dic 20, 2022 1:54:15 P. M. presentacion.MainTesting escribirLog
INFORMACIÓN: @AfterClass
dic 20, 2022 1:54:56 P. M. presentacion.MainTesting escribirLog
INFORMACIÓN: @BeforeClass
dic 20, 2022 1:54:56 P. M. presentacion.MainTesting escribirLog
INFORMACIÓN: @Before -> How many times do i appear?
dic 20, 2022 1:54:56 P. M. presentacion.MainTesting escribirLog
INFORMACIÓN: @After -> How many times do i appear?
dic 20, 2022 1:54:56 P. M. presentacion.MainTesting escribirLog
INFORMACIÓN: @Before -> How many times do i appear?
dic 20, 2022 1:54:56 P. M. presentacion.MainTesting escribirLog
INFORMACIÓN: @After -> How many times do i appear?
dic 20, 2022 1:54:56 P. M. presentacion.MainTesting escribirLog
INFORMACIÓN: @Before -> How many times do i appear?
dic 20, 2022 1:54:56 P. M. presentacion.MainTesting escribirLog
INFORMACIÓN: @After -> How many times do i appear?
dic 20, 2022 1:54:56 P. M. presentacion.MainTesting escribirLog
INFORMACIÓN: @AfterClass
Dec 20, 2022 3:30:51 PM presentacion.MainTesting escribirLog
INFORMACIÓN: @BeforeClass
Dec 20, 2022 3:30:51 PM presentacion.MainTesting escribirLog
INFORMACIÓN: @Before -> How many times do i appear?
Dec 20, 2022 3:30:51 PM presentacion.MainTesting escribirLog
INFORMACIÓN: @After -> How many times do i appear?
Dec 20, 2022 3:30:51 PM presentacion.MainTesting escribirLog
INFORMACIÓN: @Before -> How many times do i appear?
Dec 20, 2022 3:30:51 PM presentacion.MainTesting escribirLog
INFORMACIÓN: @After -> How many times do i appear?
Dec 20, 2022 3:30:51 PM presentacion.MainTesting escribirLog
INFORMACIÓN: @Before -> How many times do i appear?
Dec 20, 2022 3:30:51 PM presentacion.MainTesting escribirLog
INFORMACIÓN: @After -> How many times do i appear?
Dec 20, 2022 3:30:51 PM presentacion.MainTesting escribirLog
INFORMACIÓN: @AfterClass
Dec 20, 2022 3:33:04 PM presentacion.MainTesting escribirLog
INFORMACIÓN: @BeforeClass
Dec 20, 2022 3:33:04 PM presentacion.MainTesting escribirLog
INFORMACIÓN: @Before -> How many times do i appear?
Dec 20, 2022 3:33:04 PM presentacion.MainTesting escribirLog
INFORMACIÓN: @After -> How many times do i appear?
Dec 20, 2022 3:33:04 PM presentacion.MainTesting escribirLog
INFORMACIÓN: @Before -> How many times do i appear?
Dec 20, 2022 3:33:04 PM presentacion.MainTesting escribirLog
INFORMACIÓN: @After -> How many times do i appear?
Dec 20, 2022 3:33:04 PM presentacion.MainTesting escribirLog
INFORMACIÓN: @Before -> How many times do i appear?
Dec 20, 2022 3:33:04 PM presentacion.MainTesting escribirLog
INFORMACIÓN: @After -> How many times do i appear?
Dec 20, 2022 3:33:04 PM presentacion.MainTesting escribirLog
INFORMACIÓN: @AfterClass
Dec 20, 2022 3:34:09 PM presentacion.MainTesting escribirLog
INFORMACIÓN: @BeforeClass
Dec 20, 2022 3:34:09 PM presentacion.MainTesting escribirLog
INFORMACIÓN: @Before -> How many times do i appear?
Dec 20, 2022 3:34:09 PM presentacion.MainTesting escribirLog
INFORMACIÓN: @After -> How many times do i appear?
Dec 20, 2022 3:34:09 PM presentacion.MainTesting escribirLog
INFORMACIÓN: @Before -> How many times do i appear?
Dec 20, 2022 3:34:09 PM presentacion.MainTesting escribirLog
INFORMACIÓN: @After -> How many times do i appear?
Dec 20, 2022 3:34:09 PM presentacion.MainTesting escribirLog
INFORMACIÓN: @Before -> How many times do i appear?
Dec 20, 2022 3:34:09 PM presentacion.MainTesting escribirLog
INFORMACIÓN: @After -> How many times do i appear?
Dec 20, 2022 3:34:09 PM presentacion.MainTesting escribirLog
INFORMACIÓN: @AfterClass
Dec 20, 2022 3:35:09 PM presentacion.MainTesting escribirLog
INFORMACIÓN: @BeforeClass
Dec 20, 2022 3:35:09 PM presentacion.MainTesting escribirLog
INFORMACIÓN: @Before -> How many times do i appear?
Dec 20, 2022 3:35:09 PM presentacion.MainTesting escribirLog
INFORMACIÓN: @After -> How many times do i appear?
Dec 20, 2022 3:35:09 PM presentacion.MainTesting escribirLog
INFORMACIÓN: @Before -> How many times do i appear?
Dec 20, 2022 3:35:09 PM presentacion.MainTesting escribirLog
INFORMACIÓN: @After -> How many times do i appear?
Dec 20, 2022 3:35:09 PM presentacion.MainTesting escribirLog
INFORMACIÓN: @Before -> How many times do i appear?
Dec 20, 2022 3:35:09 PM presentacion.MainTesting escribirLog
INFORMACIÓN: @After -> How many times do i appear?
Dec 20, 2022 3:35:09 PM presentacion.MainTesting escribirLog
INFORMACIÓN: @AfterClass
Dec 20, 2022 3:35:26 PM presentacion.MainTesting escribirLog
INFORMACIÓN: @BeforeClass
Dec 20, 2022 3:35:26 PM presentacion.MainTesting escribirLog
INFORMACIÓN: @Before -> How many times do i appear?
Dec 20, 2022 3:35:26 PM presentacion.MainTesting escribirLog
INFORMACIÓN: @After -> How many times do i appear?
Dec 20, 2022 3:35:26 PM presentacion.MainTesting escribirLog
INFORMACIÓN: @Before -> How many times do i appear?
Dec 20, 2022 3:35:26 PM presentacion.MainTesting escribirLog
INFORMACIÓN: @After -> How many times do i appear?
Dec 20, 2022 3:35:26 PM presentacion.MainTesting escribirLog
INFORMACIÓN: @Before -> How many times do i appear?
Dec 20, 2022 3:35:26 PM presentacion.MainTesting escribirLog
INFORMACIÓN: @After -> How many times do i appear?
Dec 20, 2022 3:35:26 PM presentacion.MainTesting escribirLog
INFORMACIÓN: @AfterClass
Dec 20, 2022 3:43:24 PM presentacion.MainTesting escribirLog
INFORMACIÓN: @BeforeClass
Dec 20, 2022 3:43:24 PM presentacion.MainTesting escribirLog
INFORMACIÓN: @Before -> How many times do i appear?
Dec 20, 2022 3:43:24 PM presentacion.MainTesting escribirLog
INFORMACIÓN: @After -> How many times do i appear?
Dec 20, 2022 3:43:24 PM presentacion.MainTesting escribirLog
INFORMACIÓN: @Before -> How many times do i appear?
Dec 20, 2022 3:43:24 PM presentacion.MainTesting escribirLog
INFORMACIÓN: @After -> How many times do i appear?
Dec 20, 2022 3:43:24 PM presentacion.MainTesting escribirLog
INFORMACIÓN: @Before -> How many times do i appear?
Dec 20, 2022 3:43:24 PM presentacion.MainTesting escribirLog
INFORMACIÓN: @After -> How many times do i appear?
Dec 20, 2022 3:43:24 PM presentacion.MainTesting escribirLog
INFORMACIÓN: @AfterClass
Dec 20, 2022 4:03:41 PM presentacion.MainTesting escribirLog
INFORMACIÓN: @BeforeClass
Dec 20, 2022 4:03:41 PM presentacion.MainTesting escribirLog
INFORMACIÓN: @Before -> How many times do i appear?
Dec 20, 2022 4:03:41 PM presentacion.MainTesting escribirLog
INFORMACIÓN: @After -> How many times do i appear?
Dec 20, 2022 4:03:41 PM presentacion.MainTesting escribirLog
INFORMACIÓN: @Before -> How many times do i appear?
Dec 20, 2022 4:03:41 PM presentacion.MainTesting escribirLog
INFORMACIÓN: @After -> How many times do i appear?
Dec 20, 2022 4:03:41 PM presentacion.MainTesting escribirLog
INFORMACIÓN: @Before -> How many times do i appear?
Dec 20, 2022 4:03:41 PM presentacion.MainTesting escribirLog
INFORMACIÓN: @After -> How many times do i appear?
Dec 20, 2022 4:03:41 PM presentacion.MainTesting escribirLog
INFORMACIÓN: @AfterClass
Dec 20, 2022 4:06:13 PM presentacion.MainTesting escribirLog
INFORMACIÓN: @BeforeClass
Dec 20, 2022 4:06:13 PM presentacion.MainTesting escribirLog
INFORMACIÓN: @Before -> How many times do i appear?
Dec 20, 2022 4:06:13 PM presentacion.MainTesting escribirLog
INFORMACIÓN: @After -> How many times do i appear?
Dec 20, 2022 4:06:13 PM presentacion.MainTesting escribirLog
INFORMACIÓN: @Before -> How many times do i appear?
Dec 20, 2022 4:06:13 PM presentacion.MainTesting escribirLog
INFORMACIÓN: @After -> How many times do i appear?
Dec 20, 2022 4:06:13 PM presentacion.MainTesting escribirLog
INFORMACIÓN: @Before -> How many times do i appear?
Dec 20, 2022 4:06:13 PM presentacion.MainTesting escribirLog
INFORMACIÓN: @After -> How many times do i appear?
Dec 20, 2022 4:06:13 PM presentacion.MainTesting escribirLog
INFORMACIÓN: @AfterClass
Dec 20, 2022 4:10:04 PM presentacion.MainTesting escribirLog
INFORMACIÓN: @BeforeClass
Dec 20, 2022 4:10:04 PM presentacion.MainTesting escribirLog
INFORMACIÓN: @Before -> How many times do i appear?
Dec 20, 2022 4:10:04 PM presentacion.MainTesting escribirLog
INFORMACIÓN: @After -> How many times do i appear?
Dec 20, 2022 4:10:04 PM presentacion.MainTesting escribirLog
INFORMACIÓN: @Before -> How many times do i appear?
Dec 20, 2022 4:10:04 PM presentacion.MainTesting escribirLog
INFORMACIÓN: @After -> How many times do i appear?
Dec 20, 2022 4:10:04 PM presentacion.MainTesting escribirLog
INFORMACIÓN: @Before -> How many times do i appear?
Dec 20, 2022 4:10:04 PM presentacion.MainTesting escribirLog
INFORMACIÓN: @After -> How many times do i appear?
Dec 20, 2022 4:10:04 PM presentacion.MainTesting escribirLog
INFORMACIÓN: @AfterClass
Dec 20, 2022 4:12:41 PM presentacion.MainTesting escribirLog
INFORMACIÓN: @BeforeClass
Dec 20, 2022 4:12:41 PM presentacion.MainTesting escribirLog
INFORMACIÓN: @Before -> How many times do i appear?
Dec 20, 2022 4:12:41 PM presentacion.MainTesting escribirLog
INFORMACIÓN: @After -> How many times do i appear?
Dec 20, 2022 4:12:41 PM presentacion.MainTesting escribirLog
INFORMACIÓN: @Before -> How many times do i appear?
Dec 20, 2022 4:12:41 PM presentacion.MainTesting escribirLog
INFORMACIÓN: @After -> How many times do i appear?
Dec 20, 2022 4:12:41 PM presentacion.MainTesting escribirLog
INFORMACIÓN: @Before -> How many times do i appear?
Dec 20, 2022 4:12:41 PM presentacion.MainTesting escribirLog
INFORMACIÓN: @After -> How many times do i appear?
Dec 20, 2022 4:12:41 PM presentacion.MainTesting escribirLog
INFORMACIÓN: @AfterClass
Dec 20, 2022 4:13:09 PM presentacion.MainTesting escribirLog
INFORMACIÓN: @BeforeClass
Dec 20, 2022 4:13:09 PM presentacion.MainTesting escribirLog
INFORMACIÓN: @Before -> How many times do i appear?
Dec 20, 2022 4:13:09 PM presentacion.MainTesting escribirLog
INFORMACIÓN: @After -> How many times do i appear?
Dec 20, 2022 4:13:09 PM presentacion.MainTesting escribirLog
INFORMACIÓN: @Before -> How many times do i appear?
Dec 20, 2022 4:13:09 PM presentacion.MainTesting escribirLog
INFORMACIÓN: @After -> How many times do i appear?
Dec 20, 2022 4:13:09 PM presentacion.MainTesting escribirLog
INFORMACIÓN: @Before -> How many times do i appear?
Dec 20, 2022 4:13:09 PM presentacion.MainTesting escribirLog
INFORMACIÓN: @After -> How many times do i appear?
Dec 20, 2022 4:13:09 PM presentacion.MainTesting escribirLog
INFORMACIÓN: @AfterClass
