#
# A fatal error has been detected by the Java Runtime Environment:
#
#  EXCEPTION_ACCESS_VIOLATION (0xc0000005) at pc=0x00007ff8fbf0bc8a, pid=7472, tid=9804
#
# JRE version: OpenJDK Runtime Environment Temurin-17.0.1+12 (17.0.1+12) (build 17.0.1+12)
# Java VM: OpenJDK 64-Bit Server VM Temurin-17.0.1+12 (17.0.1+12, mixed mode, tiered, compressed oops, compressed class ptrs, g1 gc, windows-amd64)
# Problematic frame:
# V  [jvm.dll+0x79bc8a]
#
# No core dump will be written. Minidumps are not enabled by default on client versions of Windows
#
# If you would like to submit a bug report, please visit:
#   https://github.com/adoptium/adoptium-support/issues
#

---------------  S U M M A R Y ------------

Command Line: -XX:+ShowCodeDetailsInExceptionMessages -agentlib:jdwp=transport=dt_socket,suspend=y,address=localhost:60536 -javaagent:D:\java-2021-12\eclipse\configuration\org.eclipse.osgi\589\0\.cp\lib\javaagent-shaded.jar -Dfile.encoding=UTF-8 presentacion.MainTesting

Host: 11th Gen Intel(R) Core(TM) i7-1165G7 @ 2.80GHz, 8 cores, 15G,  Windows 10 , 64 bit Build 22621 (10.0.22621.963)
Time: Mon Dec 19 13:44:38 2022 Hora estándar romance elapsed time: 472.813586 seconds (0d 0h 7m 52s)

---------------  T H R E A D  ---------------

Current thread (0x000002b5fefa8660):  JavaThread "JDWP Transport Listener: dt_socket" daemon [_thread_in_vm, id=9804, stack(0x000000ea16f00000,0x000000ea17000000)]

Stack: [0x000000ea16f00000,0x000000ea17000000],  sp=0x000000ea16fff5b0,  free space=1021k
Native frames: (J=compiled Java code, j=interpreted, Vv=VM code, C=native code)
V  [jvm.dll+0x79bc8a]
V  [jvm.dll+0x507e6c]
V  [jvm.dll+0x4cf4d4]
C  [jdwp.dll+0x22dff]


siginfo: EXCEPTION_ACCESS_VIOLATION (0xc0000005), reading address 0x0000000002100213


Register to memory mapping:

RIP=0x00007ff8fbf0bc8a jvm.dll
RAX=0x000000000000020e is an unknown value
RBX=0x000002b5fec8345e points into unknown readable memory: 00 63
RCX=0x000000000210020f is an unknown value
RDX=0x000002b5925b2b90 points into unknown readable memory: 0x747369737265704c | 4c 70 65 72 73 69 73 74
RSP=0x000000ea16fff5b0 is pointing into the stack for thread: 0x000002b5fefa8660
RBP=0x000002b5feedd4c0 points into unknown readable memory: 0x0043005000000002 | 02 00 00 00 50 00 43 00
RSI=0x0 is NULL
RDI=0xffffffffffffffff is an unknown value
R8 =0x00000000000002cb is an unknown value
R9 =0x0000000000000040 is an unknown value
R10=0x00000000000002c0 is an unknown value
R11=0x000000ea16fff5d0 is pointing into the stack for thread: 0x000002b5fefa8660
R12=0x000000ea16fff708 is pointing into the stack for thread: 0x000002b5fefa8660
R13=0x0 is NULL
R14=0x0000000800325cb0 is a pointer to class: 
persistencia.CursoPropioDAO {0x0000000800325cb8}
 - instance size:     2
 - klass size:        86
 - access:            public synchronized 
 - state:             fully_initialized
 - name:              'persistencia/CursoPropioDAO'
 - super:             'java/lang/Object'
 - sub:               
 - arrays:            NULL
 - methods:           Array<T>(0x000002b595f791d8)
 - method ordering:   Array<T>(0x000002b595f09828)
 - default_methods:   Array<T>(0x0000000000000000)
 - local interfaces:  Array<T>(0x000002b595f09248)
 - trans. interfaces: Array<T>(0x000002b595f09248)
 - constants:         constant pool [563] {0x000002b596000008} for 'persistencia/CursoPropioDAO' cache=0x000002b5960011e0
 - class loader data:  loader data: 0x000002b5fee299b0 for instance a 'jdk/internal/loader/ClassLoaders$AppClassLoader'{0x0000000705000000}
 - source file:       'CursoPropioDAO.java'
 - source debug extension:       SMAP
CursoPropioDAO.java
Java
*S jdt
*F
1 CursoPropioDAO.java
2 file:/C:/Users/paula/TitlesoftGit/TitlesoftRepository/TitleSoft/TitulosPropiosUCLM/target/classes/
*L
*E

 - class annotations:       Array<T>(0x0000000000000000)
 - class type annotations:  Array<T>(0x0000000000000000)
 - field annotations:       Array<T>(0x0000000000000000)
 - field type annotations:  Array<T>(0x0000000000000000)
 - generic signature: '
[error occurred during error reporting (printing register info), id 0xc0000005, EXCEPTION_ACCESS_VIOLATION (0xc0000005) at pc=0x00007ff8fbf0c896]

Registers:
RAX=0x000000000000020e, RBX=0x000002b5fec8345e, RCX=0x000000000210020f, RDX=0x000002b5925b2b90
RSP=0x000000ea16fff5b0, RBP=0x000002b5feedd4c0, RSI=0x0000000000000000, RDI=0xffffffffffffffff
R8 =0x00000000000002cb, R9 =0x0000000000000040, R10=0x00000000000002c0, R11=0x000000ea16fff5d0
R12=0x000000ea16fff708, R13=0x0000000000000000, R14=0x0000000800325cb0, R15=0x000000ea16fff758
RIP=0x00007ff8fbf0bc8a, EFLAGS=0x0000000000010202

Top of Stack: (sp=0x000000ea16fff5b0)
0x000000ea16fff5b0:   000000000000001b 0000000800325cb0
0x000000ea16fff5c0:   000002b5fefa8660 0000000000000000
0x000000ea16fff5d0:   ffffffffffffffff 00007ff8fbc77e6c
0x000000ea16fff5e0:   000002b5fec8345e 000002b5fec83440
0x000000ea16fff5f0:   000002b5feedd4c0 000002b5ff9ebc30
0x000000ea16fff600:   000002b5fec83410 00000000000003d8
0x000000ea16fff610:   000002b5fec83420 000002b5fec837f8
0x000000ea16fff620:   0000000000000002 000000ea16fff708
0x000000ea16fff630:   0000000000000000 0000000000000000
0x000000ea16fff640:   0000000706019d80 00007ff8fbc3f4d4
0x000000ea16fff650:   000002b5fefa8660 000000ea16fff758
0x000000ea16fff660:   000002b5ec8d9c70 000000ea16fff758
0x000000ea16fff670:   000002b5fefa8660 0000000000000000
0x000000ea16fff680:   000002b500000000 0000000000000000
0x000000ea16fff690:   000000000000000d 00007ff956bd2dff
0x000000ea16fff6a0:   000000ea16fff750 00007ff956be1aa0 

Instructions: (pc=0x00007ff8fbf0bc8a)
0x00007ff8fbf0bb8a:   48 83 c4 20 5f e9 3c a2 90 ff cc cc cc cc cc cc
0x00007ff8fbf0bb9a:   cc cc cc cc cc cc 48 89 5c 24 08 57 48 83 ec 20
0x00007ff8fbf0bbaa:   83 fa 02 8d 42 06 b9 08 00 00 00 49 8b d8 0f 4e
0x00007ff8fbf0bbba:   c1 48 63 c8 48 83 c1 07 83 e1 f8 48 63 f9 49 8b
0x00007ff8fbf0bbca:   48 18 48 8b c7 48 f7 d0 48 3b c1 73 16 4c 8d 05
0x00007ff8fbf0bbda:   5a 55 17 00 48 8b d7 48 8b cb e8 47 05 91 ff 48
0x00007ff8fbf0bbea:   8b 4b 18 48 8d 04 39 48 3b 43 20 76 18 45 33 c0
0x00007ff8fbf0bbfa:   48 8b d7 48 8b cb 48 8b 5c 24 30 48 83 c4 20 5f
0x00007ff8fbf0bc0a:   e9 a1 01 91 ff 48 89 43 18 48 8b c1 48 8b 5c 24
0x00007ff8fbf0bc1a:   30 48 83 c4 20 5f c3 cc cc cc cc cc cc cc cc cc
0x00007ff8fbf0bc2a:   cc cc cc cc cc cc 4c 8b d2 4c 8b d9 45 85 c0 7e
0x00007ff8fbf0bc3a:   3c 44 0f b7 49 04 41 8d 40 ff 41 3b c1 44 0f 4c
0x00007ff8fbf0bc4a:   c8 4d 63 c1 45 85 c9 7e 1f 48 8b c2 4c 2b da 49
0x00007ff8fbf0bc5a:   8b d0 0f 1f 40 00 41 0f b6 4c 03 06 88 08 48 8d
0x00007ff8fbf0bc6a:   40 01 48 83 ea 01 75 ee 43 c6 04 10 00 49 8b c2
0x00007ff8fbf0bc7a:   c3 cc cc cc cc cc 48 89 5c 24 08 57 48 83 ec 20
0x00007ff8fbf0bc8a:   0f b7 59 04 48 8b f9 33 d2 48 8d 4b 01 e8 24 e8
0x00007ff8fbf0bc9a:   f2 ff 0f b7 57 04 4c 8b c0 3b da 0f 42 d3 44 8b
0x00007ff8fbf0bcaa:   ca 85 d2 74 39 48 2b f8 0f 1f 40 00 66 66 0f 1f
0x00007ff8fbf0bcba:   84 00 00 00 00 00 0f b6 4c 07 06 88 08 48 ff c0
0x00007ff8fbf0bcca:   48 8b c8 49 2b c8 49 3b c9 7c eb 42 c6 04 02 00
0x00007ff8fbf0bcda:   49 8b c0 48 8b 5c 24 30 48 83 c4 20 5f c3 48 8b
0x00007ff8fbf0bcea:   5c 24 30 c6 04 02 00 48 83 c4 20 5f c3 cc cc cc
0x00007ff8fbf0bcfa:   cc cc cc cc cc cc 4c 8b d1 45 85 c0 7e 6c 44 0f
0x00007ff8fbf0bd0a:   b7 49 04 41 8d 40 ff 41 3b c1 44 0f 4c c8 4d 63
0x00007ff8fbf0bd1a:   d9 45 85 c9 7e 22 48 8b ca 4c 2b d2 4d 8b c3 0f
0x00007ff8fbf0bd2a:   1f 80 00 00 00 00 41 0f b6 44 0a 06 88 01 48 8d
0x00007ff8fbf0bd3a:   49 01 49 83 e8 01 75 ee 41 c6 04 13 00 48 c7 c0
0x00007ff8fbf0bd4a:   ff ff ff ff 66 90 48 ff c0 80 3c 02 00 75 f7 48
0x00007ff8fbf0bd5a:   63 c8 85 c0 48 8b c2 7e 14 80 38 2f 75 03 c6 00
0x00007ff8fbf0bd6a:   2e 48 ff c0 48 83 e9 01 75 ef 48 8b c2 c3 cc cc
0x00007ff8fbf0bd7a:   cc cc cc cc cc cc 48 83 ec 28 e8 f7 fe ff ff 4c 


Stack slot to memory mapping:
stack at sp + 0 slots: 0x000000000000001b is an unknown value
stack at sp + 1 slots: 0x0000000800325cb0 is a pointer to class: 
persistencia.CursoPropioDAO {0x0000000800325cb8}
 - instance size:     2
 - klass size:        86
 - access:            public synchronized 
 - state:             fully_initialized
 - name:              'persistencia/CursoPropioDAO'
 - super:             'java/lang/Object'
 - sub:               
 - arrays:            NULL
 - methods:           Array<T>(0x000002b595f791d8)
 - method ordering:   Array<T>(0x000002b595f09828)
 - default_methods:   Array<T>(0x0000000000000000)
 - local interfaces:  Array<T>(0x000002b595f09248)
 - trans. interfaces: Array<T>(0x000002b595f09248)
 - constants:         constant pool [563] {0x000002b596000008} for 'persistencia/CursoPropioDAO' cache=0x000002b5960011e0
 - class loader data:  loader data: 0x000002b5fee299b0 for instance a 'jdk/internal/loader/ClassLoaders$AppClassLoader'{0x0000000705000000}
 - source file:       'CursoPropioDAO.java'
 - source debug extension:       SMAP
CursoPropioDAO.java
Java
*S jdt
*F
1 CursoPropioDAO.java
2 file:/C:/Users/paula/TitlesoftGit/TitlesoftRepository/TitleSoft/TitulosPropiosUCLM/target/classes/
*L
*E

 - class annotations:       Array<T>(0x0000000000000000)
 - class type annotations:  Array<T>(0x0000000000000000)
 - field annotations:       Array<T>(0x0000000000000000)
 - field type annotations:  Array<T>(0x0000000000000000)
 - generic signature: '
[error occurred during error reporting (inspecting top of stack), id 0xc0000005, EXCEPTION_ACCESS_VIOLATION (0xc0000005) at pc=0x00007ff8fbf0c896]


---------------  P R O C E S S  ---------------

Threads class SMR info:
_java_thread_list=0x000002b5907a0fa0, length=22, elements={
0x000002b5fec0bcf0, 0x000002b5fec0c8a0, 0x000002b5fec2cca0, 0x000002b5fec2d650,
0x000002b5fec2e000, 0x000002b5fec573c0, 0x000002b5fec75090, 0x000002b5fec77a50,
0x000002b5fec81b30, 0x000002b5fedb9050, 0x000002b5fefa8660, 0x000002b5fefac710,
0x000002b5fefad210, 0x000002b5ff791210, 0x000002b5ffb56f40, 0x000002b5ffb57810,
0x000002b5ffb57ed0, 0x000002b5ffbf3750, 0x000002b59077a670, 0x000002b592be3e10,
0x000002b592be4c80, 0x000002b592be6490
}

Java Threads: ( => current thread )
  0x000002b5fec0bcf0 JavaThread "Reference Handler" daemon [_thread_blocked, id=3932, stack(0x000000ea16500000,0x000000ea16600000)]
  0x000002b5fec0c8a0 JavaThread "Finalizer" daemon [_thread_blocked, id=10024, stack(0x000000ea16600000,0x000000ea16700000)]
  0x000002b5fec2cca0 JavaThread "Signal Dispatcher" daemon [_thread_blocked, id=16792, stack(0x000000ea16700000,0x000000ea16800000)]
  0x000002b5fec2d650 JavaThread "Attach Listener" daemon [_thread_blocked, id=15476, stack(0x000000ea16800000,0x000000ea16900000)]
  0x000002b5fec2e000 JavaThread "Service Thread" daemon [_thread_blocked, id=13720, stack(0x000000ea16900000,0x000000ea16a00000)]
  0x000002b5fec573c0 JavaThread "Monitor Deflation Thread" daemon [_thread_blocked, id=1268, stack(0x000000ea16a00000,0x000000ea16b00000)]
  0x000002b5fec75090 JavaThread "C2 CompilerThread0" daemon [_thread_blocked, id=15808, stack(0x000000ea16b00000,0x000000ea16c00000)]
  0x000002b5fec77a50 JavaThread "C1 CompilerThread0" daemon [_thread_blocked, id=10052, stack(0x000000ea16c00000,0x000000ea16d00000)]
  0x000002b5fec81b30 JavaThread "Sweeper thread" daemon [_thread_blocked, id=13196, stack(0x000000ea16d00000,0x000000ea16e00000)]
  0x000002b5fedb9050 JavaThread "Common-Cleaner" daemon [_thread_blocked, id=11564, stack(0x000000ea16e00000,0x000000ea16f00000)]
=>0x000002b5fefa8660 JavaThread "JDWP Transport Listener: dt_socket" daemon [_thread_in_vm, id=9804, stack(0x000000ea16f00000,0x000000ea17000000)]
  0x000002b5fefac710 JavaThread "JDWP Event Helper Thread" daemon [_thread_blocked, id=14424, stack(0x000000ea17000000,0x000000ea17100000)]
  0x000002b5fefad210 JavaThread "JDWP Command Reader" daemon [_thread_in_native, id=14272, stack(0x000000ea17100000,0x000000ea17200000)]
  0x000002b5ff791210 JavaThread "Notification Thread" daemon [_thread_blocked, id=7092, stack(0x000000ea17300000,0x000000ea17400000)]
  0x000002b5ffb56f40 JavaThread "Java2D Disposer" daemon [_thread_blocked, id=14668, stack(0x000000ea17500000,0x000000ea17600000)]
  0x000002b5ffb57810 JavaThread "AWT-Shutdown" [_thread_blocked, id=10152, stack(0x000000ea17600000,0x000000ea17700000)]
  0x000002b5ffb57ed0 JavaThread "AWT-Windows" daemon [_thread_in_native, id=980, stack(0x000000ea17700000,0x000000ea17800000)]
  0x000002b5ffbf3750 JavaThread "AWT-EventQueue-0" [_thread_blocked, id=7716, stack(0x000000ea17800000,0x000000ea17900000)]
  0x000002b59077a670 JavaThread "Timer-0" daemon [_thread_blocked, id=112, stack(0x000000ea18000000,0x000000ea18100000)]
  0x000002b592be3e10 JavaThread "derby.rawStoreDaemon" daemon [_thread_blocked, id=17316, stack(0x000000ea18300000,0x000000ea18400000)]
  0x000002b592be4c80 JavaThread "DestroyJavaVM" [_thread_blocked, id=6000, stack(0x000000ea15e00000,0x000000ea15f00000)]
  0x000002b592be6490 JavaThread "TimerQueue" daemon [_thread_blocked, id=8396, stack(0x000000ea18500000,0x000000ea18600000)]

Other Threads:
  0x000002b5fec096b0 VMThread "VM Thread" [stack: 0x000000ea16400000,0x000000ea16500000] [id=15152] _threads_hazard_ptr=0x000002b5907a0fa0
  0x000002b5ff6dd860 WatcherThread [stack: 0x000000ea17400000,0x000000ea17500000] [id=6208]
  0x000002b5eea51fe0 GCTaskThread "GC Thread#0" [stack: 0x000000ea15f00000,0x000000ea16000000] [id=16892]
  0x000002b5ffc62090 GCTaskThread "GC Thread#1" [stack: 0x000000ea17900000,0x000000ea17a00000] [id=3936]
  0x000002b5ffc7bfa0 GCTaskThread "GC Thread#2" [stack: 0x000000ea17a00000,0x000000ea17b00000] [id=12332]
  0x000002b59061bd00 GCTaskThread "GC Thread#3" [stack: 0x000000ea17b00000,0x000000ea17c00000] [id=12176]
  0x000002b5ffc803d0 GCTaskThread "GC Thread#4" [stack: 0x000000ea17c00000,0x000000ea17d00000] [id=13764]
  0x000002b5ffca2510 GCTaskThread "GC Thread#5" [stack: 0x000000ea17d00000,0x000000ea17e00000] [id=14288]
  0x000002b5904c16c0 GCTaskThread "GC Thread#6" [stack: 0x000000ea17e00000,0x000000ea17f00000] [id=10112]
  0x000002b5904cd2d0 GCTaskThread "GC Thread#7" [stack: 0x000000ea17f00000,0x000000ea18000000] [id=12028]
  0x000002b5eea63360 ConcurrentGCThread "G1 Main Marker" [stack: 0x000000ea16000000,0x000000ea16100000] [id=1960]
  0x000002b5eea63d70 ConcurrentGCThread "G1 Conc#0" [stack: 0x000000ea16100000,0x000000ea16200000] [id=16700]
  0x000002b592bf6060 ConcurrentGCThread "G1 Conc#1" [stack: 0x000000ea18200000,0x000000ea18300000] [id=15600]
  0x000002b5fe2224d0 ConcurrentGCThread "G1 Refine#0" [stack: 0x000000ea16200000,0x000000ea16300000] [id=16576]
  0x000002b5fe223da0 ConcurrentGCThread "G1 Service" [stack: 0x000000ea16300000,0x000000ea16400000] [id=1516]

Threads with active compile tasks:

VM state: synchronizing (normal execution)

VM Mutex/Monitor currently owned by a thread:  ([mutex/lock_event])
[0x000002b5ee9fdcf0] Threads_lock - owner thread: 0x000002b5fec096b0

Heap address: 0x0000000704c00000, size: 4020 MB, Compressed Oops mode: Zero based, Oop shift amount: 3

CDS archive(s) not mapped
Compressed class space mapped at: 0x0000000800000000-0x0000000840000000, reserved size: 1073741824
Narrow klass base: 0x0000000800000000, Narrow klass shift: 0, Narrow klass range: 0x40000000

GC Precious Log:
 CPUs: 8 total, 8 available
 Memory: 16078M
 Large Page Support: Disabled
 NUMA Support: Disabled
 Compressed Oops: Enabled (Zero based)
 Heap Region Size: 2M
 Heap Min Capacity: 8M
 Heap Initial Capacity: 252M
 Heap Max Capacity: 4020M
 Pre-touch: Disabled
 Parallel Workers: 8
 Concurrent Workers: 2
 Concurrent Refinement Workers: 8
 Periodic GC: Disabled

Heap:
 garbage-first heap   total 40960K, used 21861K [0x0000000704c00000, 0x0000000800000000)
  region size 2048K, 2 young (4096K), 1 survivors (2048K)
 Metaspace       used 31650K, committed 31936K, reserved 1081344K
  class space    used 3244K, committed 3392K, reserved 1048576K

Heap Regions: E=young(eden), S=young(survivor), O=old, HS=humongous(starts), HC=humongous(continues), CS=collection set, F=free, OA=open archive, CA=closed archive, TAMS=top-at-mark-start (previous, next)
|   0|0x0000000704c00000, 0x0000000704e00000, 0x0000000704e00000|100%|HS|  |TAMS 0x0000000704e00000, 0x0000000704e00000| Complete 
|   1|0x0000000704e00000, 0x0000000705000000, 0x0000000705000000|100%|HC|  |TAMS 0x0000000705000000, 0x0000000705000000| Complete 
|   2|0x0000000705000000, 0x0000000705200000, 0x0000000705200000|100%| O|  |TAMS 0x0000000705000000, 0x0000000705200000| Untracked 
|   3|0x0000000705200000, 0x0000000705200000, 0x0000000705400000|  0%| F|  |TAMS 0x0000000705200000, 0x0000000705200000| Untracked 
|   4|0x0000000705400000, 0x0000000705600000, 0x0000000705600000|100%| O|  |TAMS 0x0000000705400000, 0x0000000705600000| Untracked 
|   5|0x0000000705600000, 0x0000000705600000, 0x0000000705800000|  0%| F|  |TAMS 0x0000000705600000, 0x0000000705600000| Untracked 
|   6|0x0000000705800000, 0x0000000705800000, 0x0000000705a00000|  0%| F|  |TAMS 0x0000000705800000, 0x0000000705800000| Untracked 
|   7|0x0000000705a00000, 0x0000000705a00000, 0x0000000705c00000|  0%| F|  |TAMS 0x0000000705a00000, 0x0000000705a00000| Untracked 
|   8|0x0000000705c00000, 0x0000000705e00000, 0x0000000705e00000|100%| O|  |TAMS 0x0000000705c00000, 0x0000000705e00000| Untracked 
|   9|0x0000000705e00000, 0x0000000705f6c400, 0x0000000706000000| 71%| O|  |TAMS 0x0000000705e00000, 0x0000000705f6c400| Untracked 
|  10|0x0000000706000000, 0x00000007061ed0d0, 0x0000000706200000| 96%| S|CS|TAMS 0x0000000706000000, 0x0000000706000000| Complete 
|  11|0x0000000706200000, 0x0000000706400000, 0x0000000706400000|100%|HS|  |TAMS 0x0000000706200000, 0x0000000706200000| Complete 
|  12|0x0000000706400000, 0x0000000706600000, 0x0000000706600000|100%|HC|  |TAMS 0x0000000706400000, 0x0000000706400000| Complete 
|  13|0x0000000706600000, 0x0000000706800000, 0x0000000706800000|100%|HC|  |TAMS 0x0000000706600000, 0x0000000706600000| Complete 
|  14|0x0000000706800000, 0x0000000706a00000, 0x0000000706a00000|100%|HC|  |TAMS 0x0000000706800000, 0x0000000706800000| Complete 
|  15|0x0000000706a00000, 0x0000000706a00000, 0x0000000706c00000|  0%| F|  |TAMS 0x0000000706a00000, 0x0000000706a00000| Untracked 
|  16|0x0000000706c00000, 0x0000000706c00000, 0x0000000706e00000|  0%| F|  |TAMS 0x0000000706c00000, 0x0000000706c00000| Untracked 
|  17|0x0000000706e00000, 0x0000000706e00000, 0x0000000707000000|  0%| F|  |TAMS 0x0000000706e00000, 0x0000000706e00000| Untracked 
| 115|0x0000000713200000, 0x0000000713200000, 0x0000000713400000|  0%| F|  |TAMS 0x0000000713200000, 0x0000000713200000| Untracked 
| 125|0x0000000714600000, 0x0000000714734ca8, 0x0000000714800000| 60%| E|  |TAMS 0x0000000714600000, 0x0000000714600000| Complete 

Card table byte_map: [0x000002b5f2bb0000,0x000002b5f3390000] _byte_map_base: 0x000002b5ef38a000

Marking Bits (Prev, Next): (CMBitMap*) 0x000002b5eea52630, (CMBitMap*) 0x000002b5eea525f0
 Prev Bits: [0x000002b5f7a40000, 0x000002b5fb910000)
 Next Bits: [0x000002b5f3b70000, 0x000002b5f7a40000)

Polling page: 0x000002b5ec9d0000

Metaspace:

Usage:
  Non-class:     27.74 MB used.
      Class:      3.17 MB used.
       Both:     30.91 MB used.

Virtual space:
  Non-class space:       32.00 MB reserved,      27.88 MB ( 87%) committed,  4 nodes.
      Class space:        1.00 GB reserved,       3.31 MB ( <1%) committed,  1 nodes.
             Both:        1.03 GB reserved,      31.19 MB (  3%) committed. 

Chunk freelists:
   Non-Class:  3.97 MB
       Class:  530.00 KB
        Both:  4.49 MB

MaxMetaspaceSize: unlimited
CompressedClassSpaceSize: 1.00 GB
Initial GC threshold: 21.00 MB
Current GC threshold: 35.12 MB
CDS: off
MetaspaceReclaimPolicy: balanced
 - commit_granule_bytes: 65536.
 - commit_granule_words: 8192.
 - virtual_space_node_default_size: 1048576.
 - enlarge_chunks_in_place: 1.
 - new_chunks_are_fully_committed: 0.
 - uncommit_free_chunks: 1.
 - use_allocation_guard: 0.
 - handle_deallocations: 1.


Internal statistics:

num_allocs_failed_limit: 3.
num_arena_births: 200.
num_arena_deaths: 0.
num_vsnodes_births: 5.
num_vsnodes_deaths: 0.
num_space_committed: 499.
num_space_uncommitted: 0.
num_chunks_returned_to_freelist: 3.
num_chunks_taken_from_freelist: 639.
num_chunk_merges: 3.
num_chunk_splits: 435.
num_chunks_enlarged: 304.
num_purges: 0.
num_inconsistent_stats: 0.

CodeHeap 'non-profiled nmethods': size=120000Kb used=2147Kb max_used=2147Kb free=117852Kb
 bounds [0x000002b587ad0000, 0x000002b587d40000, 0x000002b58f000000]
CodeHeap 'profiled nmethods': size=120000Kb used=7877Kb max_used=7877Kb free=112122Kb
 bounds [0x000002b5805a0000, 0x000002b580d60000, 0x000002b587ad0000]
CodeHeap 'non-nmethods': size=5760Kb used=1516Kb max_used=1567Kb free=4244Kb
 bounds [0x000002b580000000, 0x000002b580270000, 0x000002b5805a0000]
 total_blobs=4747 nmethods=3947 adapters=712
 compilation: enabled
              stopped_count=0, restarted_count=0
 full_count=0

Compilation events (20 events):
Event: 411.519 Thread 0x000002b5fec77a50 3938       1       org.apache.derby.impl.services.daemon.ServiceRecord::needImmediateService (5 bytes)
Event: 411.519 Thread 0x000002b5fec77a50 nmethod 3938 0x000002b587ce7890 code [0x000002b587ce7a20, 0x000002b587ce7af8]
Event: 471.769 Thread 0x000002b5fec77a50 3939       3       sun.swing.ImageCache::getEntry (148 bytes)
Event: 471.770 Thread 0x000002b5fec77a50 nmethod 3939 0x000002b580d4a690 code [0x000002b580d4a9e0, 0x000002b580d4beb8]
Event: 471.770 Thread 0x000002b5fec77a50 3941       3       java.awt.image.SinglePixelPackedSampleModel::<init> (243 bytes)
Event: 471.771 Thread 0x000002b5fec77a50 nmethod 3941 0x000002b580d4c690 code [0x000002b580d4c940, 0x000002b580d4d838]
Event: 471.771 Thread 0x000002b5fec77a50 3940       3       java.util.LinkedList::addFirst (6 bytes)
Event: 471.771 Thread 0x000002b5fec77a50 nmethod 3940 0x000002b580d4de90 code [0x000002b580d4e020, 0x000002b580d4e168]
Event: 472.172 Thread 0x000002b5fec75090 3942       4       sun.awt.AWTAutoShutdown::notifyToolkitThreadBusy (8 bytes)
Event: 472.176 Thread 0x000002b5fec75090 nmethod 3942 0x000002b587ce7b90 code [0x000002b587ce7d20, 0x000002b587ce8118]
Event: 472.176 Thread 0x000002b5fec75090 3943       4       sun.awt.AWTAutoShutdown::notifyToolkitThreadFree (8 bytes)
Event: 472.179 Thread 0x000002b5fec75090 nmethod 3943 0x000002b587ce8390 code [0x000002b587ce8520, 0x000002b587ce88d8]
Event: 472.214 Thread 0x000002b5fec75090 3944       4       java.awt.EventQueue::eventToCacheIndex (80 bytes)
Event: 472.215 Thread 0x000002b5fec75090 nmethod 3944 0x000002b587ce8b10 code [0x000002b587ce8c80, 0x000002b587ce8d78]
Event: 472.235 Thread 0x000002b5fec77a50 3945       3       java.util.AbstractList::equals (117 bytes)
Event: 472.236 Thread 0x000002b5fec77a50 nmethod 3945 0x000002b580d4e210 code [0x000002b580d4e480, 0x000002b580d4f228]
Event: 472.490 Thread 0x000002b5fec77a50 3946       3       sun.font.FontDesignMetrics::stringWidth (155 bytes)
Event: 472.492 Thread 0x000002b5fec77a50 nmethod 3946 0x000002b580d4f510 code [0x000002b580d4f860, 0x000002b580d50b38]
Event: 472.567 Thread 0x000002b5fec77a50 3947       3       java.util.Calendar::isFieldSet (14 bytes)
Event: 472.568 Thread 0x000002b5fec77a50 nmethod 3947 0x000002b580d51390 code [0x000002b580d51520, 0x000002b580d51678]

GC Heap History (14 events):
Event: 0.624 GC heap before
{Heap before GC invocations=0 (full 0):
 garbage-first heap   total 258048K, used 26624K [0x0000000704c00000, 0x0000000800000000)
  region size 2048K, 11 young (22528K), 0 survivors (0K)
 Metaspace       used 17125K, committed 17280K, reserved 1064960K
  class space    used 1666K, committed 1728K, reserved 1048576K
}
Event: 0.629 GC heap after
{Heap after GC invocations=1 (full 0):
 garbage-first heap   total 258048K, used 7461K [0x0000000704c00000, 0x0000000800000000)
  region size 2048K, 2 young (4096K), 2 survivors (4096K)
 Metaspace       used 17125K, committed 17280K, reserved 1064960K
  class space    used 1666K, committed 1728K, reserved 1048576K
}
Event: 0.808 GC heap before
{Heap before GC invocations=1 (full 0):
 garbage-first heap   total 258048K, used 25893K [0x0000000704c00000, 0x0000000800000000)
  region size 2048K, 12 young (24576K), 2 survivors (4096K)
 Metaspace       used 21292K, committed 21504K, reserved 1073152K
  class space    used 2128K, committed 2240K, reserved 1048576K
}
Event: 0.812 GC heap after
{Heap after GC invocations=2 (full 0):
 garbage-first heap   total 258048K, used 8368K [0x0000000704c00000, 0x0000000800000000)
  region size 2048K, 1 young (2048K), 1 survivors (2048K)
 Metaspace       used 21292K, committed 21504K, reserved 1073152K
  class space    used 2128K, committed 2240K, reserved 1048576K
}
Event: 1.095 GC heap before
{Heap before GC invocations=3 (full 0):
 garbage-first heap   total 40960K, used 28848K [0x0000000704c00000, 0x0000000800000000)
  region size 2048K, 12 young (24576K), 1 survivors (2048K)
 Metaspace       used 24273K, committed 24512K, reserved 1073152K
  class space    used 2450K, committed 2560K, reserved 1048576K
}
Event: 1.098 GC heap after
{Heap after GC invocations=4 (full 0):
 garbage-first heap   total 40960K, used 12013K [0x0000000704c00000, 0x0000000800000000)
  region size 2048K, 3 young (6144K), 3 survivors (6144K)
 Metaspace       used 24273K, committed 24512K, reserved 1073152K
  class space    used 2450K, committed 2560K, reserved 1048576K
}
Event: 1.147 GC heap before
{Heap before GC invocations=4 (full 0):
 garbage-first heap   total 40960K, used 14061K [0x0000000704c00000, 0x0000000800000000)
  region size 2048K, 4 young (8192K), 3 survivors (6144K)
 Metaspace       used 24490K, committed 24704K, reserved 1073152K
  class space    used 2471K, committed 2560K, reserved 1048576K
}
Event: 1.149 GC heap after
{Heap after GC invocations=5 (full 0):
 garbage-first heap   total 40960K, used 12416K [0x0000000704c00000, 0x0000000800000000)
  region size 2048K, 1 young (2048K), 1 survivors (2048K)
 Metaspace       used 24490K, committed 24704K, reserved 1073152K
  class space    used 2471K, committed 2560K, reserved 1048576K
}
Event: 8.378 GC heap before
{Heap before GC invocations=5 (full 0):
 garbage-first heap   total 40960K, used 24704K [0x0000000704c00000, 0x0000000800000000)
  region size 2048K, 8 young (16384K), 1 survivors (2048K)
 Metaspace       used 27518K, committed 27776K, reserved 1081344K
  class space    used 2767K, committed 2880K, reserved 1048576K
}
Event: 8.381 GC heap after
{Heap after GC invocations=6 (full 0):
 garbage-first heap   total 40960K, used 12490K [0x0000000704c00000, 0x0000000800000000)
  region size 2048K, 1 young (2048K), 1 survivors (2048K)
 Metaspace       used 27518K, committed 27776K, reserved 1081344K
  class space    used 2767K, committed 2880K, reserved 1048576K
}
Event: 8.477 GC heap before
{Heap before GC invocations=6 (full 0):
 garbage-first heap   total 40960K, used 26826K [0x0000000704c00000, 0x0000000800000000)
  region size 2048K, 8 young (16384K), 1 survivors (2048K)
 Metaspace       used 29247K, committed 29440K, reserved 1081344K
  class space    used 3015K, committed 3136K, reserved 1048576K
}
Event: 8.478 GC heap after
{Heap after GC invocations=7 (full 0):
 garbage-first heap   total 40960K, used 12690K [0x0000000704c00000, 0x0000000800000000)
  region size 2048K, 1 young (2048K), 1 survivors (2048K)
 Metaspace       used 29247K, committed 29440K, reserved 1081344K
  class space    used 3015K, committed 3136K, reserved 1048576K
}
Event: 404.044 GC heap before
{Heap before GC invocations=7 (full 0):
 garbage-first heap   total 40960K, used 27026K [0x0000000704c00000, 0x0000000800000000)
  region size 2048K, 9 young (18432K), 1 survivors (2048K)
 Metaspace       used 31518K, committed 31808K, reserved 1081344K
  class space    used 3235K, committed 3392K, reserved 1048576K
}
Event: 404.045 GC heap after
{Heap after GC invocations=8 (full 0):
 garbage-first heap   total 40960K, used 13669K [0x0000000704c00000, 0x0000000800000000)
  region size 2048K, 1 young (2048K), 1 survivors (2048K)
 Metaspace       used 31518K, committed 31808K, reserved 1081344K
  class space    used 3235K, committed 3392K, reserved 1048576K
}

Deoptimization events (20 events):
Event: 400.284 Thread 0x000002b5ffbf3750 DEOPT PACKING pc=0x000002b580b45b34 sp=0x000000ea178fe990
Event: 400.284 Thread 0x000002b5ffbf3750 DEOPT UNPACKING pc=0x000002b580056763 sp=0x000000ea178fdea0 mode 0
Event: 400.284 Thread 0x000002b5ffbf3750 DEOPT PACKING pc=0x000002b580ad41d4 sp=0x000000ea178fea60
Event: 400.284 Thread 0x000002b5ffbf3750 DEOPT UNPACKING pc=0x000002b580056763 sp=0x000000ea178fdf28 mode 0
Event: 400.284 Thread 0x000002b5ffbf3750 DEOPT PACKING pc=0x000002b580a550bc sp=0x000000ea178feae0
Event: 400.284 Thread 0x000002b5ffbf3750 DEOPT UNPACKING pc=0x000002b580056763 sp=0x000000ea178fdfc8 mode 0
Event: 400.284 Thread 0x000002b5ffbf3750 DEOPT PACKING pc=0x000002b580a9d09c sp=0x000000ea178feb80
Event: 400.284 Thread 0x000002b5ffbf3750 DEOPT UNPACKING pc=0x000002b580056763 sp=0x000000ea178fe048 mode 0
Event: 400.284 Thread 0x000002b5ffbf3750 DEOPT PACKING pc=0x000002b580a52554 sp=0x000000ea178febf0
Event: 400.284 Thread 0x000002b5ffbf3750 DEOPT UNPACKING pc=0x000002b580056763 sp=0x000000ea178fe0e8 mode 0
Event: 400.284 Thread 0x000002b5ffbf3750 DEOPT PACKING pc=0x000002b580a5191c sp=0x000000ea178fed00
Event: 400.284 Thread 0x000002b5ffbf3750 DEOPT UNPACKING pc=0x000002b580056763 sp=0x000000ea178fe1c0 mode 0
Event: 400.284 Thread 0x000002b5ffbf3750 DEOPT PACKING pc=0x000002b580b27d9c sp=0x000000ea178fed60
Event: 400.284 Thread 0x000002b5ffbf3750 DEOPT UNPACKING pc=0x000002b580056763 sp=0x000000ea178fe200 mode 0
Event: 400.284 Thread 0x000002b5ffbf3750 DEOPT PACKING pc=0x000002b580a0d084 sp=0x000000ea178feda0
Event: 400.284 Thread 0x000002b5ffbf3750 DEOPT UNPACKING pc=0x000002b580056763 sp=0x000000ea178fe1c0 mode 0
Event: 400.284 Thread 0x000002b5ffbf3750 DEOPT PACKING pc=0x000002b580a18da4 sp=0x000000ea178fee60
Event: 400.284 Thread 0x000002b5ffbf3750 DEOPT UNPACKING pc=0x000002b580056763 sp=0x000000ea178fe190 mode 0
Event: 400.284 Thread 0x000002b5ffbf3750 DEOPT PACKING pc=0x000002b580a1bae4 sp=0x000000ea178feff0
Event: 400.284 Thread 0x000002b5ffbf3750 DEOPT UNPACKING pc=0x000002b580056763 sp=0x000000ea178fe4f0 mode 0

Classes unloaded (0 events):
No events

Classes redefined (3 events):
Event: 372.449 Thread 0x000002b5fec096b0 redefined class name=persistencia.CursoPropioDAO, count=1
Event: 443.900 Thread 0x000002b5fec096b0 redefined class name=persistencia.CursoPropioDAO, count=2
Event: 462.720 Thread 0x000002b5fec096b0 redefined class name=persistencia.CursoPropioDAO, count=3

Internal exceptions (20 events):
Event: 0.430 Thread 0x000002b5eea00ab0 Exception <a 'java/lang/NoSuchMethodError'{0x0000000713caa6c8}: 'java.lang.Object java.lang.invoke.DirectMethodHandle$Holder.invokeStaticInit(java.lang.Object)'> (0x0000000713caa6c8) 
thrown [e:\jenkins\tmp\workspace\build\src\src\hotspot\share\interpreter\linkResolver.cpp, line 766]
Event: 0.454 Thread 0x000002b5eea00ab0 Exception <a 'java/lang/NoSuchMethodError'{0x0000000713dc7260}: 'void java.lang.invoke.DirectMethodHandle$Holder.invokeSpecial(java.lang.Object, java.lang.Object, java.lang.Object)'> (0x0000000713dc7260) 
thrown [e:\jenkins\tmp\workspace\build\src\src\hotspot\share\interpreter\linkResolver.cpp, line 766]
Event: 0.463 Thread 0x000002b5eea00ab0 Exception <a 'java/lang/NoSuchMethodError'{0x0000000713a22d80}: 'java.lang.Object java.lang.invoke.DirectMethodHandle$Holder.newInvokeSpecial(java.lang.Object, java.lang.Object, java.lang.Object, java.lang.Object, java.lang.Object)'> (0x0000000713a22d80) 
thrown [e:\jenkins\tmp\workspace\build\src\src\hotspot\share\interpreter\linkResolver.cpp, line 766]
Event: 0.464 Thread 0x000002b5eea00ab0 Exception <a 'java/lang/NoSuchMethodError'{0x0000000713a2e748}: 'java.lang.Object java.lang.invoke.DirectMethodHandle$Holder.invokeStatic(java.lang.Object, int, java.lang.Object, java.lang.Object, java.lang.Object, java.lang.Object)'> (0x0000000713a2e748) 
thrown [e:\jenkins\tmp\workspace\build\src\src\hotspot\share\interpreter\linkResolver.cpp, line 766]
Event: 0.467 Thread 0x000002b5eea00ab0 Exception <a 'java/lang/NoSuchMethodError'{0x0000000713a54538}: 'java.lang.Object java.lang.invoke.DirectMethodHandle$Holder.invokeStatic(java.lang.Object, int, java.lang.Object)'> (0x0000000713a54538) 
thrown [e:\jenkins\tmp\workspace\build\src\src\hotspot\share\interpreter\linkResolver.cpp, line 766]
Event: 0.481 Thread 0x000002b5eea00ab0 Exception <a 'java/lang/ClassNotFoundException'{0x0000000713b1b7e0}: com/sun/swing/internal/plaf/metal/resources/spi/metalProvider> (0x0000000713b1b7e0) 
thrown [e:\jenkins\tmp\workspace\build\src\src\hotspot\share\classfile\systemDictionary.cpp, line 256]
Event: 0.481 Thread 0x000002b5eea00ab0 Exception <a 'java/lang/ClassNotFoundException'{0x0000000713b23778}: com/sun/swing/internal/plaf/basic/resources/spi/basicProvider> (0x0000000713b23778) 
thrown [e:\jenkins\tmp\workspace\build\src\src\hotspot\share\classfile\systemDictionary.cpp, line 256]
Event: 0.490 Thread 0x000002b5eea00ab0 Exception <a 'java/lang/NoSuchMethodError'{0x0000000713b7f610}: 'void java.lang.invoke.DirectMethodHandle$Holder.invokeStatic(java.lang.Object, java.lang.Object)'> (0x0000000713b7f610) 
thrown [e:\jenkins\tmp\workspace\build\src\src\hotspot\share\interpreter\linkResolver.cpp, line 766]
Event: 0.498 Thread 0x000002b5ffb57ed0 Exception <a 'java/lang/NoSuchMethodError'{0x0000000713cffb48}: 'void java.lang.invoke.DirectMethodHandle$Holder.invokeVirtual(java.lang.Object, java.lang.Object)'> (0x0000000713cffb48) 
thrown [e:\jenkins\tmp\workspace\build\src\src\hotspot\share\interpreter\linkResolver.cpp, line 766]
Event: 0.510 Thread 0x000002b5eea00ab0 Exception <a 'java/lang/NoSuchMethodError'{0x00000007138313f8}: 'void java.lang.invoke.DirectMethodHandle$Holder.invokeStaticInit(java.lang.Object)'> (0x00000007138313f8) 
thrown [e:\jenkins\tmp\workspace\build\src\src\hotspot\share\interpreter\linkResolver.cpp, line 766]
Event: 0.728 Thread 0x000002b5eea00ab0 Exception <a 'java/lang/NoSuchMethodError'{0x000000071386e540}: 'int java.lang.invoke.DirectMethodHandle$Holder.invokeInterface(java.lang.Object, java.lang.Object)'> (0x000000071386e540) 
thrown [e:\jenkins\tmp\workspace\build\src\src\hotspot\share\interpreter\linkResolver.cpp, line 766]
Event: 0.728 Thread 0x000002b5eea00ab0 Exception <a 'java/lang/IncompatibleClassChangeError'{0x0000000713871de8}: Found class java.lang.Object, but interface was expected> (0x0000000713871de8) 
thrown [e:\jenkins\tmp\workspace\build\src\src\hotspot\share\interpreter\linkResolver.cpp, line 833]
Event: 0.753 Thread 0x000002b5eea00ab0 Exception <a 'java/lang/NoSuchMethodError'{0x0000000713984b28}: 'int java.lang.invoke.DirectMethodHandle$Holder.invokeSpecial(java.lang.Object, java.lang.Object, java.lang.Object)'> (0x0000000713984b28) 
thrown [e:\jenkins\tmp\workspace\build\src\src\hotspot\share\interpreter\linkResolver.cpp, line 766]
Event: 0.785 Thread 0x000002b5eea00ab0 Exception <a 'java/lang/NoSuchMethodError'{0x00000007136dbc80}: 'void java.lang.invoke.DirectMethodHandle$Holder.invokeStatic(java.lang.Object, java.lang.Object, java.lang.Object)'> (0x00000007136dbc80) 
thrown [e:\jenkins\tmp\workspace\build\src\src\hotspot\share\interpreter\linkResolver.cpp, line 766]
Event: 0.816 Thread 0x000002b5eea00ab0 Exception <a 'java/lang/NoSuchMethodError'{0x000000071461ad18}: 'java.lang.Object java.lang.invoke.DirectMethodHandle$Holder.invokeInterface(java.lang.Object, java.lang.Object)'> (0x000000071461ad18) 
thrown [e:\jenkins\tmp\workspace\build\src\src\hotspot\share\interpreter\linkResolver.cpp, line 766]
Event: 0.881 Thread 0x000002b5eea00ab0 Implicit null exception at 0x000002b587b10377 to 0x000002b587b109ec
Event: 1.159 Thread 0x000002b5eea00ab0 Exception <a 'java/lang/NoSuchMethodError'{0x0000000714734b38}: 'java.lang.Object java.lang.invoke.DirectMethodHandle$Holder.invokeSpecial(java.lang.Object, java.lang.Object, java.lang.Object, java.lang.Object, int)'> (0x0000000714734b38) 
thrown [e:\jenkins\tmp\workspace\build\src\src\hotspot\share\interpreter\linkResolver.cpp, line 766]
Event: 1.159 Thread 0x000002b5eea00ab0 Exception <a 'java/lang/NoSuchMethodError'{0x0000000714738700}: 'java.lang.Object java.lang.invoke.Invokers$Holder.linkToTargetMethod(java.lang.Object, java.lang.Object, int, java.lang.Object)'> (0x0000000714738700) 
thrown [e:\jenkins\tmp\workspace\build\src\src\hotspot\share\interpreter\linkResolver.cpp, line 766]
Event: 2.517 Thread 0x000002b5ffbf3750 Exception <a 'java/lang/NoSuchMethodError'{0x0000000706c3d888}: 'java.lang.Object java.lang.invoke.DirectMethodHandle$Holder.newInvokeSpecial(java.lang.Object, java.lang.Object, int)'> (0x0000000706c3d888) 
thrown [e:\jenkins\tmp\workspace\build\src\src\hotspot\share\interpreter\linkResolver.cpp, line 766]
Event: 10.336 Thread 0x000002b5ffbf3750 Exception <a 'java/lang/NoSuchMethodError'{0x000000071332e8e8}: 'void java.lang.invoke.DirectMethodHandle$Holder.invokeSpecial(java.lang.Object, java.lang.Object, java.lang.Object, java.lang.Object, java.lang.Object)'> (0x000000071332e8e8) 
thrown [e:\jenkins\tmp\workspace\build\src\src\hotspot\share\interpreter\linkResolver.cpp, line 766]

VM Operations (20 events):
Event: 443.894 Executing VM operation: RedefineClasses
Event: 443.913 Executing VM operation: RedefineClasses done
Event: 443.921 Executing VM operation: ChangeBreakpoints
Event: 443.922 Executing VM operation: ChangeBreakpoints done
Event: 443.928 Executing VM operation: ChangeBreakpoints
Event: 443.929 Executing VM operation: ChangeBreakpoints done
Event: 443.936 Executing VM operation: ChangeBreakpoints
Event: 443.937 Executing VM operation: ChangeBreakpoints done
Event: 462.715 Executing VM operation: RedefineClasses
Event: 462.726 Executing VM operation: RedefineClasses done
Event: 462.741 Executing VM operation: ChangeBreakpoints
Event: 462.742 Executing VM operation: ChangeBreakpoints done
Event: 462.748 Executing VM operation: ChangeBreakpoints
Event: 462.749 Executing VM operation: ChangeBreakpoints done
Event: 462.755 Executing VM operation: ChangeBreakpoints
Event: 462.756 Executing VM operation: ChangeBreakpoints done
Event: 462.761 Executing VM operation: ChangeBreakpoints
Event: 462.762 Executing VM operation: ChangeBreakpoints done
Event: 471.828 Executing VM operation: Cleanup
Event: 471.828 Executing VM operation: Cleanup done

Events (20 events):
Event: 405.429 loading class javax/swing/event/ListSelectionEvent
Event: 405.430 loading class javax/swing/event/ListSelectionEvent done
Event: 405.431 loading class javax/swing/plaf/BorderUIResource$LineBorderUIResource
Event: 405.431 loading class javax/swing/border/LineBorder
Event: 405.432 loading class javax/swing/border/LineBorder done
Event: 405.432 loading class javax/swing/plaf/BorderUIResource$LineBorderUIResource done
Event: 405.432 loading class java/awt/geom/RectIterator
Event: 405.432 loading class java/awt/geom/PathIterator
Event: 405.432 loading class java/awt/geom/PathIterator done
Event: 405.432 loading class java/awt/geom/RectIterator done
Event: 405.432 loading class sun/java2d/pipe/ShapeSpanIterator
Event: 405.432 loading class sun/java2d/pipe/SpanIterator
Event: 405.433 loading class sun/java2d/pipe/SpanIterator done
Event: 405.433 loading class sun/awt/geom/PathConsumer2D
Event: 405.433 loading class sun/awt/geom/PathConsumer2D done
Event: 405.433 loading class sun/java2d/pipe/ShapeSpanIterator done
Event: 405.433 loading class java/awt/geom/Path2D$Float$TxIterator
Event: 405.433 loading class java/awt/geom/Path2D$Iterator
Event: 405.433 loading class java/awt/geom/Path2D$Iterator done
Event: 405.433 loading class java/awt/geom/Path2D$Float$TxIterator done


Dynamic libraries:
0x00007ff754890000 - 0x00007ff75489e000 	C:\Users\paula\.p2\pool\plugins\org.eclipse.justj.openjdk.hotspot.jre.full.win32.x86_64_17.0.1.v20211116-1657\jre\bin\javaw.exe
0x00007ff967090000 - 0x00007ff9672a4000 	C:\WINDOWS\SYSTEM32\ntdll.dll
0x00007ff9664e0000 - 0x00007ff9665a3000 	C:\WINDOWS\System32\KERNEL32.DLL
0x00007ff9646e0000 - 0x00007ff964a7d000 	C:\WINDOWS\System32\KERNELBASE.dll
0x00007ff964b70000 - 0x00007ff964c81000 	C:\WINDOWS\System32\ucrtbase.dll
0x00007ff956d60000 - 0x00007ff956d78000 	C:\Users\paula\.p2\pool\plugins\org.eclipse.justj.openjdk.hotspot.jre.full.win32.x86_64_17.0.1.v20211116-1657\jre\bin\jli.dll
0x00007ff956d40000 - 0x00007ff956d59000 	C:\Users\paula\.p2\pool\plugins\org.eclipse.justj.openjdk.hotspot.jre.full.win32.x86_64_17.0.1.v20211116-1657\jre\bin\VCRUNTIME140.dll
0x00007ff966330000 - 0x00007ff9664dd000 	C:\WINDOWS\System32\USER32.dll
0x00007ff9645f0000 - 0x00007ff964616000 	C:\WINDOWS\System32\win32u.dll
0x00007ff9651e0000 - 0x00007ff965209000 	C:\WINDOWS\System32\GDI32.dll
0x00007ff964d30000 - 0x00007ff964e42000 	C:\WINDOWS\System32\gdi32full.dll
0x00007ff9567e0000 - 0x00007ff956a6e000 	C:\WINDOWS\WinSxS\amd64_microsoft.windows.common-controls_6595b64144ccf1df_6.0.22621.608_none_a9444ca7c10bb01d\COMCTL32.dll
0x00007ff964c90000 - 0x00007ff964d2a000 	C:\WINDOWS\System32\msvcp_win.dll
0x00007ff966f70000 - 0x00007ff967017000 	C:\WINDOWS\System32\msvcrt.dll
0x00007ff9667d0000 - 0x00007ff966802000 	C:\WINDOWS\System32\IMM32.DLL
0x00007ff95ec80000 - 0x00007ff95ec8c000 	C:\Users\paula\.p2\pool\plugins\org.eclipse.justj.openjdk.hotspot.jre.full.win32.x86_64_17.0.1.v20211116-1657\jre\bin\vcruntime140_1.dll
0x00007ff927710000 - 0x00007ff9277a1000 	C:\Users\paula\.p2\pool\plugins\org.eclipse.justj.openjdk.hotspot.jre.full.win32.x86_64_17.0.1.v20211116-1657\jre\bin\msvcp140.dll
0x00007ff8fb770000 - 0x00007ff8fc3b6000 	C:\Users\paula\.p2\pool\plugins\org.eclipse.justj.openjdk.hotspot.jre.full.win32.x86_64_17.0.1.v20211116-1657\jre\bin\server\jvm.dll
0x00007ff9660c0000 - 0x00007ff96616e000 	C:\WINDOWS\System32\ADVAPI32.dll
0x00007ff966ea0000 - 0x00007ff966f44000 	C:\WINDOWS\System32\sechost.dll
0x00007ff966ad0000 - 0x00007ff966be5000 	C:\WINDOWS\System32\RPCRT4.dll
0x00007ff966620000 - 0x00007ff966628000 	C:\WINDOWS\System32\PSAPI.DLL
0x00007ff947650000 - 0x00007ff947659000 	C:\WINDOWS\SYSTEM32\WSOCK32.dll
0x00007ff966d20000 - 0x00007ff966d91000 	C:\WINDOWS\System32\WS2_32.dll
0x00007ff959ad0000 - 0x00007ff959b04000 	C:\WINDOWS\SYSTEM32\WINMM.dll
0x00007ff956220000 - 0x00007ff95622a000 	C:\WINDOWS\SYSTEM32\VERSION.dll
0x00007ff9634e0000 - 0x00007ff9634f8000 	C:\WINDOWS\SYSTEM32\kernel.appcore.dll
0x00007ff95eca0000 - 0x00007ff95ecaa000 	C:\Users\paula\.p2\pool\plugins\org.eclipse.justj.openjdk.hotspot.jre.full.win32.x86_64_17.0.1.v20211116-1657\jre\bin\jimage.dll
0x00007ff961ed0000 - 0x00007ff9620fe000 	C:\WINDOWS\SYSTEM32\DBGHELP.DLL
0x00007ff964e50000 - 0x00007ff9651da000 	C:\WINDOWS\System32\combase.dll
0x00007ff9657f0000 - 0x00007ff9658c7000 	C:\WINDOWS\System32\OLEAUT32.dll
0x00007ff955310000 - 0x00007ff955342000 	C:\WINDOWS\SYSTEM32\dbgcore.DLL
0x00007ff964af0000 - 0x00007ff964b6b000 	C:\WINDOWS\System32\bcryptPrimitives.dll
0x00007ff956bb0000 - 0x00007ff956beb000 	C:\Users\paula\.p2\pool\plugins\org.eclipse.justj.openjdk.hotspot.jre.full.win32.x86_64_17.0.1.v20211116-1657\jre\bin\jdwp.dll
0x00007ff95d040000 - 0x00007ff95d04e000 	C:\Users\paula\.p2\pool\plugins\org.eclipse.justj.openjdk.hotspot.jre.full.win32.x86_64_17.0.1.v20211116-1657\jre\bin\instrument.dll
0x00007ff94e020000 - 0x00007ff94e045000 	C:\Users\paula\.p2\pool\plugins\org.eclipse.justj.openjdk.hotspot.jre.full.win32.x86_64_17.0.1.v20211116-1657\jre\bin\java.dll
0x00007ff955160000 - 0x00007ff955178000 	C:\Users\paula\.p2\pool\plugins\org.eclipse.justj.openjdk.hotspot.jre.full.win32.x86_64_17.0.1.v20211116-1657\jre\bin\zip.dll
0x00007ff9658d0000 - 0x00007ff9660bf000 	C:\WINDOWS\System32\SHELL32.dll
0x00007ff9624b0000 - 0x00007ff962d78000 	C:\WINDOWS\SYSTEM32\windows.storage.dll
0x00007ff962370000 - 0x00007ff9624ae000 	C:\WINDOWS\SYSTEM32\wintypes.dll
0x00007ff966da0000 - 0x00007ff966e91000 	C:\WINDOWS\System32\SHCORE.dll
0x00007ff965690000 - 0x00007ff9656ee000 	C:\WINDOWS\System32\shlwapi.dll
0x00007ff9643b0000 - 0x00007ff9643d1000 	C:\WINDOWS\SYSTEM32\profapi.dll
0x00007ff956d00000 - 0x00007ff956d0c000 	C:\Users\paula\.p2\pool\plugins\org.eclipse.justj.openjdk.hotspot.jre.full.win32.x86_64_17.0.1.v20211116-1657\jre\bin\dt_socket.dll
0x00007ff962fd0000 - 0x00007ff962ffd000 	C:\WINDOWS\SYSTEM32\IPHLPAPI.DLL
0x00007ff9639b0000 - 0x00007ff963a19000 	C:\WINDOWS\system32\mswsock.dll
0x00007ff963040000 - 0x00007ff963132000 	C:\WINDOWS\SYSTEM32\DNSAPI.dll
0x00007ff9657c0000 - 0x00007ff9657c9000 	C:\WINDOWS\System32\NSI.dll
0x0000000071db0000 - 0x0000000071dd6000 	C:\Program Files\Bonjour\mdnsNSP.dll
0x00007ff959900000 - 0x00007ff95990a000 	C:\Windows\System32\rasadhlp.dll
0x00007ff958640000 - 0x00007ff9586c3000 	C:\WINDOWS\System32\fwpuclnt.dll
0x00007ff954d70000 - 0x00007ff954d89000 	C:\Users\paula\.p2\pool\plugins\org.eclipse.justj.openjdk.hotspot.jre.full.win32.x86_64_17.0.1.v20211116-1657\jre\bin\net.dll
0x00007ff95b160000 - 0x00007ff95b28f000 	C:\WINDOWS\SYSTEM32\WINHTTP.dll
0x00007ff94a830000 - 0x00007ff94a845000 	C:\Users\paula\.p2\pool\plugins\org.eclipse.justj.openjdk.hotspot.jre.full.win32.x86_64_17.0.1.v20211116-1657\jre\bin\nio.dll
0x00007ff95d0e0000 - 0x00007ff95d0f0000 	C:\Users\paula\.p2\pool\plugins\org.eclipse.justj.openjdk.hotspot.jre.full.win32.x86_64_17.0.1.v20211116-1657\jre\bin\verify.dll
0x00007ff919f60000 - 0x00007ff91a0ee000 	C:\Users\paula\.p2\pool\plugins\org.eclipse.justj.openjdk.hotspot.jre.full.win32.x86_64_17.0.1.v20211116-1657\jre\bin\awt.dll
0x00007ff95ed30000 - 0x00007ff95edc7000 	C:\WINDOWS\SYSTEM32\apphelp.dll
0x00007ff961720000 - 0x00007ff96174b000 	C:\WINDOWS\system32\DWMAPI.DLL
0x00007ff9614f0000 - 0x00007ff96159b000 	C:\WINDOWS\system32\uxtheme.dll
0x00007ff936a80000 - 0x00007ff936b80000 	C:\WINDOWS\system32\opengl32.dll
0x00007ff947da0000 - 0x00007ff947dcd000 	C:\WINDOWS\SYSTEM32\GLU32.dll
0x00007ff9615d0000 - 0x00007ff961606000 	C:\WINDOWS\SYSTEM32\dxcore.dll
0x00007ff966c00000 - 0x00007ff966d1e000 	C:\WINDOWS\System32\MSCTF.dll
0x00007ff966630000 - 0x00007ff9667cc000 	C:\WINDOWS\System32\ole32.dll
0x00007ff927680000 - 0x00007ff927709000 	C:\Users\paula\.p2\pool\plugins\org.eclipse.justj.openjdk.hotspot.jre.full.win32.x86_64_17.0.1.v20211116-1657\jre\bin\freetype.dll
0x00007ff919cc0000 - 0x00007ff919d68000 	C:\Users\paula\.p2\pool\plugins\org.eclipse.justj.openjdk.hotspot.jre.full.win32.x86_64_17.0.1.v20211116-1657\jre\bin\fontmanager.dll
0x00007ff93e0f0000 - 0x00007ff93e21d000 	C:\WINDOWS\SYSTEM32\textinputframework.dll
0x00007ff95e930000 - 0x00007ff95ea63000 	C:\WINDOWS\SYSTEM32\CoreMessaging.dll
0x00007ff95a9d0000 - 0x00007ff95ad3c000 	C:\WINDOWS\SYSTEM32\CoreUIComponents.dll
0x00007ff963c50000 - 0x00007ff963c5c000 	C:\WINDOWS\SYSTEM32\CRYPTBASE.DLL
0x00007ff955130000 - 0x00007ff955139000 	C:\Users\paula\.p2\pool\plugins\org.eclipse.justj.openjdk.hotspot.jre.full.win32.x86_64_17.0.1.v20211116-1657\jre\bin\management.dll
0x00007ff9550e0000 - 0x00007ff9550eb000 	C:\Users\paula\.p2\pool\plugins\org.eclipse.justj.openjdk.hotspot.jre.full.win32.x86_64_17.0.1.v20211116-1657\jre\bin\management_ext.dll
0x00007ff966270000 - 0x00007ff966327000 	C:\WINDOWS\System32\clbcatq.dll
0x00007ff95d520000 - 0x00007ff95d6d0000 	C:\WINDOWS\SYSTEM32\WindowsCodecs.dll
0x00007ff9350c0000 - 0x00007ff93511e000 	C:\WINDOWS\system32\dataexchange.dll
0x00007ff959320000 - 0x00007ff95958a000 	C:\WINDOWS\system32\twinapi.appcore.dll

dbghelp: loaded successfully - version: 4.0.5 - missing functions: none
symbol engine: initialized successfully - sym options: 0x614 - pdb path: .;C:\Users\paula\.p2\pool\plugins\org.eclipse.justj.openjdk.hotspot.jre.full.win32.x86_64_17.0.1.v20211116-1657\jre\bin;C:\WINDOWS\SYSTEM32;C:\WINDOWS\WinSxS\amd64_microsoft.windows.common-controls_6595b64144ccf1df_6.0.22621.608_none_a9444ca7c10bb01d;C:\Users\paula\.p2\pool\plugins\org.eclipse.justj.openjdk.hotspot.jre.full.win32.x86_64_17.0.1.v20211116-1657\jre\bin\server;C:\Program Files\Bonjour

VM Arguments:
jvm_args: -XX:+ShowCodeDetailsInExceptionMessages -agentlib:jdwp=transport=dt_socket,suspend=y,address=localhost:60536 -javaagent:D:\java-2021-12\eclipse\configuration\org.eclipse.osgi\589\0\.cp\lib\javaagent-shaded.jar -Dfile.encoding=UTF-8 
java_command: presentacion.MainTesting
java_class_path (initial): C:\Users\paula\TitlesoftGit\TitlesoftRepository\TitleSoft\TitulosPropiosUCLM\target\classes;C:\Users\paula\.p2\pool\plugins\junit-jupiter-api_5.9.0.jar;C:\Users\paula\.p2\pool\plugins\junit-jupiter-engine_5.9.0.jar;C:\Users\paula\.p2\pool\plugins\junit-jupiter-migrationsupport_5.9.0.jar;C:\Users\paula\.p2\pool\plugins\junit-jupiter-params_5.9.0.jar;C:\Users\paula\.p2\pool\plugins\junit-platform-commons_1.9.0.jar;C:\Users\paula\.p2\pool\plugins\junit-platform-engine_1.9.0.jar;C:\Users\paula\.p2\pool\plugins\junit-platform-launcher_1.9.0.jar;C:\Users\paula\.p2\pool\plugins\junit-platform-runner_1.9.0.jar;C:\Users\paula\.p2\pool\plugins\junit-platform-suite-api_1.9.0.jar;C:\Users\paula\.p2\pool\plugins\junit-platform-suite-engine_1.9.0.jar;C:\Users\paula\.p2\pool\plugins\junit-platform-suite-commons_1.9.0.jar;C:\Users\paula\.p2\pool\plugins\junit-vintage-engine_5.9.0.jar;C:\Users\paula\.p2\pool\plugins\org.opentest4j_1.2.0.jar;C:\Users\paula\.p2\pool\plugins\org.apiguardian.api_1.1.2.jar;C:\Users\paula\.p2\pool\plugins\org.junit_4.13.2.v20211018-1956.jar;C:\Users\paula\.p2\pool\plugins\org.hamcrest.core_1.3.0.v20180420-1519.jar;C:\Users\paula\.m2\repository\org\apache\logging\log4j\log4j-api\2.19.0\log4j-api-2.19.0.jar;C:\Users\paula\.m2\repository\org\apache\logging\log4j\log4j-core\2.19.0\log4j-core-2.19.0.jar;C:\Users\paula\.m2\repository\org\apache\commons\commons-configuration2\2.8.0\commons-configuration2-2.8.0.jar;C:\Users\paula\.m2\repository\org\apache\commons\commons-lang3\3.12.0\commons-lang3-3.12.0.jar;C:\Users\paula\.m2\repository\org\apache\commons\commons-text\1.9\commons-text-1.9.jar;C:\Users\paula\.m2\repository\commons-logging\commons-logging\1.2\commons-logging-1.2.jar;C:\Users\paula\.m2\repository\org\apache\derby\derby\10.14.2.0\derby-10.14.2.0.jar
Launcher Type: SUN_STANDARD

[Global flags]
     intx CICompilerCount                          = 4                                         {product} {ergonomic}
     uint ConcGCThreads                            = 2                                         {product} {ergonomic}
     uint G1ConcRefinementThreads                  = 8                                         {product} {ergonomic}
   size_t G1HeapRegionSize                         = 2097152                                   {product} {ergonomic}
    uintx GCDrainStackTargetSize                   = 64                                        {product} {ergonomic}
   size_t InitialHeapSize                          = 264241152                                 {product} {ergonomic}
   size_t MarkStackSize                            = 4194304                                   {product} {ergonomic}
   size_t MaxHeapSize                              = 4215275520                                {product} {ergonomic}
   size_t MaxNewSize                               = 2529165312                                {product} {ergonomic}
   size_t MinHeapDeltaBytes                        = 2097152                                   {product} {ergonomic}
   size_t MinHeapSize                              = 8388608                                   {product} {ergonomic}
    uintx NonNMethodCodeHeapSize                   = 5839372                                {pd product} {ergonomic}
    uintx NonProfiledCodeHeapSize                  = 122909434                              {pd product} {ergonomic}
    uintx ProfiledCodeHeapSize                     = 122909434                              {pd product} {ergonomic}
    uintx ReservedCodeCacheSize                    = 251658240                              {pd product} {ergonomic}
     bool SegmentedCodeCache                       = true                                      {product} {ergonomic}
     bool ShowCodeDetailsInExceptionMessages       = true                                   {manageable} {command line}
   size_t SoftMaxHeapSize                          = 4215275520                             {manageable} {ergonomic}
     bool UseCompressedClassPointers               = true                           {product lp64_product} {ergonomic}
     bool UseCompressedOops                        = true                           {product lp64_product} {ergonomic}
     bool UseG1GC                                  = true                                      {product} {ergonomic}
     bool UseLargePagesIndividualAllocation        = false                                  {pd product} {ergonomic}

Logging:
Log output configuration:
 #0: stdout all=warning uptime,level,tags
 #1: stderr all=off uptime,level,tags

Environment Variables:
PATH=C:\Users\paula\.p2\pool\plugins\org.eclipse.justj.openjdk.hotspot.jre.full.win32.x86_64_17.0.1.v20211116-1657\jre\bin;C:/Users/paula/.p2/pool/plugins/org.eclipse.justj.openjdk.hotspot.jre.full.win32.x86_64_17.0.1.v20211116-1657/jre/bin/server;C:/Users/paula/.p2/pool/plugins/org.eclipse.justj.openjdk.hotspot.jre.full.win32.x86_64_17.0.1.v20211116-1657/jre/bin;C:\app\paula\product\21c\dbhomeXE\bin;C:\WINDOWS\system32;C:\WINDOWS;C:\WINDOWS\System32\Wbem;C:\WINDOWS\System32\WindowsPowerShell\v1.0\;C:\WINDOWS\System32\OpenSSH\;C:\Program Files\dotnet\;C:\Program Files\Microsoft SQL Server\150\Tools\Binn\;C:\Program Files\Microsoft SQL Server\130\Tools\Binn\;C:\Program Files\Microsoft SQL Server\Client SDK\ODBC\170\Tools\Binn\;C:\app\paula\product\21c\dbhomeXE\jdk\bin;C:\Program Files\swipl\bin;C:\WINDOWS\system32;C:\WINDOWS;C:\WINDOWS\System32\Wbem;C:\WINDOWS\System32\WindowsPowerShell\v1.0\;C:\WINDOWS\System32\OpenSSH\;C:\Users\paula\AppData\Local\Microsoft\WindowsApps;C:\Users\paula\.dotnet\tools;D:\apache-maven-3.8.6\bin;C:\Users\paula\AppData\Local\GitHubDesktop\bin;C:\WINDOWS\System32;
USERNAME=paula
OS=Windows_NT
PROCESSOR_IDENTIFIER=Intel64 Family 6 Model 140 Stepping 1, GenuineIntel



---------------  S Y S T E M  ---------------

OS:
 Windows 10 , 64 bit Build 22621 (10.0.22621.963)
OS uptime: 1 days 0:29 hours

CPU: total 8 (initial active 8) (4 cores per cpu, 2 threads per core) family 6 model 140 stepping 1 microcode 0x86, cx8, cmov, fxsr, ht, mmx, 3dnowpref, sse, sse2, sse3, ssse3, sse4.1, sse4.2, popcnt, lzcnt, tsc, tscinvbit, avx, avx2, aes, erms, clmul, bmi1, bmi2, adx, avx512f, avx512dq, avx512cd, avx512bw, avx512vl, sha, fma, vzeroupper, avx512_vpopcntdq, avx512_vpclmulqdq, avx512_vaes, avx512_vnni, clflush, clflushopt, clwb, avx512_vbmi2, avx512_vbmi

Memory: 4k page, system-wide physical 16078M (8070M free)
TotalPageFile size 17102M (AvailPageFile size 6482M)
current process WorkingSet (physical memory assigned to process): 144M, peak: 185M
current process commit charge ("private bytes"): 171M, peak: 395M

vm_info: OpenJDK 64-Bit Server VM (17.0.1+12) for windows-amd64 JRE (17.0.1+12), built on Oct 20 2021 07:42:55 by "" with MS VC++ 16.7 (VS2019)

END.
