nov 28, 2022 4:49:22 P. M. presentacion.Main_testing escribirLog
INFORMACIÓN: Error a realizar matricula
nov 28, 2022 4:49:26 P. M. presentacion.Main_testing escribirLog
INFORMACIÓN: Error a realizar matricula
nov 28, 2022 5:37:51 P. M. presentacion.Main_testing escribirLog
INFORMACIÓN: Error al consular por estados
nov 28, 2022 5:39:10 P. M. presentacion.Main_testing escribirLog
INFORMACIÓN: Error al consular por estados
nov 30, 2022 9:52:37 A. M. presentacion.Main_testing escribirLog
INFORMACIÓN: Error al consular por estados
nov 30, 2022 6:30:40 P. M. presentacion.Main_testing escribirLog
INFORMACIÓN: Error al encontrar usuario
nov 30, 2022 6:34:45 P. M. presentacion.Main_testing escribirLog
INFORMACIÓN: Error al encontrar usuario
nov 30, 2022 8:30:04 P. M. presentacion.Main_testing escribirLog
INFORMACIÓN: Error al encontrar usuario
nov 30, 2022 8:30:42 P. M. presentacion.Main_testing escribirLog
INFORMACIÓN: Error al encontrar usuario
nov 30, 2022 8:33:36 P. M. presentacion.Main_testing escribirLog
INFORMACIÓN: Error al encontrar usuario
nov 30, 2022 8:33:51 P. M. presentacion.Main_testing escribirLog
INFORMACIÓN: Error al encontrar usuario
nov 30, 2022 8:39:30 P. M. presentacion.Main_testing escribirLog
INFORMACIÓN: Error al encontrar usuario
nov 30, 2022 8:40:17 P. M. presentacion.Main_testing escribirLog
INFORMACIÓN: Error al encontrar usuario
nov 30, 2022 8:40:27 P. M. presentacion.Main_testing escribirLog
INFORMACIÓN: Error al encontrar usuario
nov 30, 2022 8:47:21 P. M. presentacion.Main_testing escribirLog
INFORMACIÓN: Error al encontrar usuario
nov 30, 2022 11:20:00 P. M. presentacion.Main_testing escribirLog
INFORMACIÓN: Error al encontrar usuario
nov 30, 2022 11:21:23 P. M. presentacion.Main_testing escribirLog
INFORMACIÓN: Error al encontrar usuario
nov 30, 2022 11:25:14 P. M. presentacion.Main_testing escribirLog
INFORMACIÓN: Error al encontrar usuario
